#
# There is insufficient memory for the Java Runtime Environment to continue.
# Native memory allocation (malloc) failed to allocate 1049296 bytes for Chunk::new
# Possible reasons:
#   The system is out of physical RAM or swap space
#   The process is running with CompressedOops enabled, and the Java Heap may be blocking the growth of the native heap
# Possible solutions:
#   Reduce memory load on the system
#   Increase physical memory or swap space
#   Check if swap backing store is full
#   Decrease Java heap size (-Xmx/-Xms)
#   Decrease number of Java threads
#   Decrease Java thread stack sizes (-Xss)
#   Set larger code cache with -XX:ReservedCodeCacheSize=
#   JVM is running with Unscaled Compressed Oops mode in which the Java heap is
#     placed in the first 4GB address space. The Java Heap base address is the
#     maximum limit for the native heap growth. Please use -XX:HeapBaseMinAddress
#     to set the Java Heap base and to place the Java Heap above 4GB virtual address.
# This output file may be truncated or incomplete.
#
#  Out of Memory Error (t:/workspace/open/src/hotspot/share/memory/arena.cpp:197), pid=4380, tid=7892
#
# JRE version: Java(TM) SE Runtime Environment (11.0.1+13) (build 11.0.1+13-LTS)
# Java VM: Java HotSpot(TM) 64-Bit Server VM (11.0.1+13-LTS, mixed mode, tiered, compressed oops, g1 gc, windows-amd64)
# No core dump will be written. Minidumps are not enabled by default on client versions of Windows
#

---------------  S U M M A R Y ------------

Command Line: --add-opens=java.base/java.util=ALL-UNNAMED --add-opens=java.base/java.lang=ALL-UNNAMED --add-opens=java.base/java.lang.invoke=ALL-UNNAMED --add-opens=java.prefs/java.util.prefs=ALL-UNNAMED -XX:MaxMetaspaceSize=256m -XX:+HeapDumpOnOutOfMemoryError -Xmx512m -Dfile.encoding=windows-1251 -Duser.country=RU -Duser.language=ru -Duser.variant org.gradle.launcher.daemon.bootstrap.GradleDaemon 5.1

Host: AMD A10-5745M APU with Radeon(tm) HD Graphics  , 4 cores, 7G,  Windows 8.1 , 64 bit Build 9600 (6.3.9600.17415)
Time: Fri May 17 00:49:36 2019 RTZ 6 (ceia) elapsed time: 6 seconds (0d 0h 0m 6s)

---------------  T H R E A D  ---------------

Current thread (0x000000025fcf7000):  JavaThread "C2 CompilerThread1" daemon [_thread_in_native, id=7892, stack(0x00000002632c0000,0x00000002633c0000)]


Current CompileTask:
C2:   6911 2390       4       java.net.URLClassLoader$1::run (5 bytes)

Stack: [0x00000002632c0000,0x00000002633c0000]
Native frames: (J=compiled Java code, j=interpreted, Vv=VM code, C=native code)
V  [jvm.dll+0x63c21a]
V  [jvm.dll+0x7797df]
V  [jvm.dll+0x77adca]
V  [jvm.dll+0x77b483]
V  [jvm.dll+0x2627f8]
V  [jvm.dll+0xc5c71]
V  [jvm.dll+0xc61fc]
V  [jvm.dll+0x2d10f4]
V  [jvm.dll+0x55412f]
V  [jvm.dll+0x21e90f]
V  [jvm.dll+0x21b846]
V  [jvm.dll+0x198390]
V  [jvm.dll+0x22a97f]
V  [jvm.dll+0x228f98]
V  [jvm.dll+0x73f03d]
V  [jvm.dll+0x63b2b2]
C  [ucrtbase.DLL+0x1d885]
C  [KERNEL32.DLL+0x13d2]
C  [ntdll.dll+0x703c4]


---------------  P R O C E S S  ---------------

Threads class SMR info:
_java_thread_list=0x0000000260eb99d0, length=25, elements={
0x0000000242709000, 0x000000025d6cb000, 0x000000025d6d3800, 0x000000025d729000,
0x000000025d72a000, 0x000000025d72e000, 0x000000025d731000, 0x000000025d73c800,
0x000000025e89b000, 0x000000025e8c3000, 0x000000025fc3b000, 0x0000000260735000,
0x000000025f42f000, 0x000000026000a000, 0x000000026000b000, 0x0000000260454000,
0x0000000260426000, 0x0000000260392800, 0x0000000260a4e800, 0x00000002600a1000,
0x0000000260b25000, 0x0000000260b22800, 0x0000000260b25800, 0x0000000260b23800,
0x000000025fcf7000
}

Java Threads: ( => current thread )
  0x0000000242709000 JavaThread "main" [_thread_blocked, id=10484, stack(0x0000000241dc0000,0x0000000241ec0000)]
  0x000000025d6cb000 JavaThread "Reference Handler" daemon [_thread_blocked, id=9892, stack(0x000000025e050000,0x000000025e150000)]
  0x000000025d6d3800 JavaThread "Finalizer" daemon [_thread_blocked, id=7592, stack(0x000000025e150000,0x000000025e250000)]
  0x000000025d729000 JavaThread "Signal Dispatcher" daemon [_thread_blocked, id=7920, stack(0x000000025e250000,0x000000025e350000)]
  0x000000025d72a000 JavaThread "Attach Listener" daemon [_thread_blocked, id=6212, stack(0x000000025e350000,0x000000025e450000)]
  0x000000025d72e000 JavaThread "C2 CompilerThread0" daemon [_thread_in_native, id=9068, stack(0x000000025e450000,0x000000025e550000)]
  0x000000025d731000 JavaThread "C1 CompilerThread0" daemon [_thread_in_native, id=9664, stack(0x000000025e550000,0x000000025e650000)]
  0x000000025d73c800 JavaThread "Sweeper thread" daemon [_thread_blocked, id=7576, stack(0x000000025e650000,0x000000025e750000)]
  0x000000025e89b000 JavaThread "Common-Cleaner" daemon [_thread_blocked, id=7488, stack(0x000000025eb50000,0x000000025ec50000)]
  0x000000025e8c3000 JavaThread "Service Thread" daemon [_thread_blocked, id=7368, stack(0x000000025ec50000,0x000000025ed50000)]
  0x000000025fc3b000 JavaThread "Daemon health stats" [_thread_blocked, id=7988, stack(0x0000000261bf0000,0x0000000261cf0000)]
  0x0000000260735000 JavaThread "Incoming local TCP Connector on port 51001" [_thread_in_native, id=7436, stack(0x000000025f950000,0x000000025fa50000)]
  0x000000025f42f000 JavaThread "Daemon periodic checks" [_thread_blocked, id=7896, stack(0x00000002622c0000,0x00000002623c0000)]
  0x000000026000a000 JavaThread "Daemon" [_thread_blocked, id=7156, stack(0x00000002623c0000,0x00000002624c0000)]
  0x000000026000b000 JavaThread "Handler for socket connection from /127.0.0.1:51001 to /127.0.0.1:51002" [_thread_in_native, id=6840, stack(0x00000002626c0000,0x00000002627c0000)]
  0x0000000260454000 JavaThread "Cancel handler" [_thread_blocked, id=8140, stack(0x00000002627c0000,0x00000002628c0000)]
  0x0000000260426000 JavaThread "Daemon worker" [_thread_in_vm, id=8116, stack(0x00000002628c0000,0x00000002629c0000)]
  0x0000000260392800 JavaThread "Asynchronous log dispatcher for DefaultDaemonConnection: socket connection from /127.0.0.1:51001 to /127.0.0.1:51002" [_thread_blocked, id=8400, stack(0x00000002629c0000,0x0000000262ac0000)]
  0x0000000260a4e800 JavaThread "Stdin handler" [_thread_blocked, id=8364, stack(0x0000000262ac0000,0x0000000262bc0000)]
  0x00000002600a1000 JavaThread "Thread-8" [_thread_blocked, id=8360, stack(0x0000000262bc0000,0x0000000262cc0000)]
  0x0000000260b25000 JavaThread "Cache worker for file hash cache (C:\Users\alexey\.gradle\caches\5.1\fileHashes)" [_thread_blocked, id=8032, stack(0x0000000262fc0000,0x00000002630c0000)]
  0x0000000260b22800 JavaThread "File lock request listener" [_thread_in_native, id=8292, stack(0x00000002630c0000,0x00000002631c0000)]
  0x0000000260b25800 JavaThread "Cache worker for journal cache (C:\Users\alexey\.gradle\caches\journal-1)" [_thread_blocked, id=8164, stack(0x00000002631c0000,0x00000002632c0000)]
  0x0000000260b23800 JavaThread "Cache worker for file hash cache (C:\Users\alexey\Desktop\Family-tracking\WebApplication\.gradle\5.1\fileHashes)" [_thread_blocked, id=8068, stack(0x00000002635c0000,0x00000002636c0000)]
=>0x000000025fcf7000 JavaThread "C2 CompilerThread1" daemon [_thread_in_native, id=7892, stack(0x00000002632c0000,0x00000002633c0000)]

Other Threads:
  0x000000025d6a5800 VMThread "VM Thread" [stack: 0x000000025df50000,0x000000025e050000] [id=7968]
  0x000000025e8c5800 WatcherThread [stack: 0x000000025ed50000,0x000000025ee50000] [id=7900]
  0x000000024271f800 GCTaskThread "GC Thread#0" [stack: 0x00000002420a0000,0x00000002421a0000] [id=11132]
  0x000000025f373800 GCTaskThread "GC Thread#1" [stack: 0x000000025f850000,0x000000025f950000] [id=7104]
  0x000000025fc99000 GCTaskThread "GC Thread#2" [stack: 0x00000002633c0000,0x00000002634c0000] [id=8268]
  0x00000002609e4800 GCTaskThread "GC Thread#3" [stack: 0x00000002634c0000,0x00000002635c0000] [id=7852]
  0x0000000242730800 ConcurrentGCThread "G1 Main Marker" [stack: 0x000000025ad10000,0x000000025ae10000] [id=2976]
  0x0000000242732000 ConcurrentGCThread "G1 Conc#0" [stack: 0x000000025ae10000,0x000000025af10000] [id=11624]
  0x00000002427ae800 ConcurrentGCThread "G1 Refine#0" [stack: 0x000000025d350000,0x000000025d450000] [id=11056]
  0x00000002427af800 ConcurrentGCThread "G1 Young RemSet Sampling" [stack: 0x000000025d450000,0x000000025d550000] [id=7308]

Threads with active compile tasks:
C2 CompilerThread02443   !   4       java.net.URLClassLoader$1::run (63 bytes)
C2 CompilerThread12390       4       java.net.URLClassLoader$1::run (5 bytes)

VM state:not at safepoint (normal execution)

VM Mutex/Monitor currently owned by a thread: None

Heap address: 0x00000000e0000000, size: 512 MB, Compressed Oops mode: 32-bit
Narrow klass base: 0x0000000000000000, Narrow klass shift: 3
Compressed class space size: 260046848 Address: 0x0000000100000000

Heap:
 garbage-first heap   total 118784K, used 30956K [0x00000000e0000000, 0x0000000100000000)
  region size 1024K, 11 young (11264K), 6 survivors (6144K)
 Metaspace       used 29064K, capacity 29684K, committed 29824K, reserved 280576K
  class space    used 3645K, capacity 3844K, committed 3968K, reserved 253952K
Heap Regions: E=young(eden), S=young(survivor), O=old, HS=humongous(starts), HC=humongous(continues), CS=collection set, F=free, A=archive, TAMS=top-at-mark-start (previous, next)
|   0|0x00000000e0000000, 0x00000000e0100000, 0x00000000e0100000|100%|HS|  |TAMS 0x00000000e0100000, 0x00000000e0000000| Complete 
|   1|0x00000000e0100000, 0x00000000e0200000, 0x00000000e0200000|100%|HS|  |TAMS 0x00000000e0200000, 0x00000000e0100000| Complete 
|   2|0x00000000e0200000, 0x00000000e0300000, 0x00000000e0300000|100%|HC|  |TAMS 0x00000000e0300000, 0x00000000e0200000| Complete 
|   3|0x00000000e0300000, 0x00000000e0400000, 0x00000000e0400000|100%| O|  |TAMS 0x00000000e0400000, 0x00000000e0300000| Untracked 
|   4|0x00000000e0400000, 0x00000000e0500000, 0x00000000e0500000|100%| O|  |TAMS 0x00000000e0500000, 0x00000000e0400000| Untracked 
|   5|0x00000000e0500000, 0x00000000e0600000, 0x00000000e0600000|100%| O|  |TAMS 0x00000000e0600000, 0x00000000e0500000| Untracked 
|   6|0x00000000e0600000, 0x00000000e0700000, 0x00000000e0700000|100%| O|  |TAMS 0x00000000e0700000, 0x00000000e0600000| Untracked 
|   7|0x00000000e0700000, 0x00000000e0800000, 0x00000000e0800000|100%| O|  |TAMS 0x00000000e0800000, 0x00000000e0700000| Untracked 
|   8|0x00000000e0800000, 0x00000000e0900000, 0x00000000e0900000|100%| O|  |TAMS 0x00000000e0900000, 0x00000000e0800000| Untracked 
|   9|0x00000000e0900000, 0x00000000e0a00000, 0x00000000e0a00000|100%| O|  |TAMS 0x00000000e0a00000, 0x00000000e0900000| Untracked 
|  10|0x00000000e0a00000, 0x00000000e0b00000, 0x00000000e0b00000|100%| O|  |TAMS 0x00000000e0b00000, 0x00000000e0a00000| Untracked 
|  11|0x00000000e0b00000, 0x00000000e0c00000, 0x00000000e0c00000|100%| O|  |TAMS 0x00000000e0c00000, 0x00000000e0b00000| Untracked 
|  12|0x00000000e0c00000, 0x00000000e0c63800, 0x00000000e0d00000| 38%| O|  |TAMS 0x00000000e0c63800, 0x00000000e0c00000| Untracked 
|  13|0x00000000e0d00000, 0x00000000e0e00000, 0x00000000e0e00000|100%|HS|  |TAMS 0x00000000e0d00000, 0x00000000e0d00000| Complete 
|  14|0x00000000e0e00000, 0x00000000e0f00000, 0x00000000e0f00000|100%|HC|  |TAMS 0x00000000e0e00000, 0x00000000e0e00000| Complete 
|  15|0x00000000e0f00000, 0x00000000e1000000, 0x00000000e1000000|100%|HS|  |TAMS 0x00000000e0f00000, 0x00000000e0f00000| Complete 
|  16|0x00000000e1000000, 0x00000000e1100000, 0x00000000e1100000|100%|HC|  |TAMS 0x00000000e1000000, 0x00000000e1000000| Complete 
|  17|0x00000000e1100000, 0x00000000e1200000, 0x00000000e1200000|100%|HC|  |TAMS 0x00000000e1100000, 0x00000000e1100000| Complete 
|  18|0x00000000e1200000, 0x00000000e1300000, 0x00000000e1300000|100%|HS|  |TAMS 0x00000000e1200000, 0x00000000e1200000| Complete 
|  19|0x00000000e1300000, 0x00000000e1400000, 0x00000000e1400000|100%|HC|  |TAMS 0x00000000e1300000, 0x00000000e1300000| Complete 
|  20|0x00000000e1400000, 0x00000000e1500000, 0x00000000e1500000|100%|HC|  |TAMS 0x00000000e1400000, 0x00000000e1400000| Complete 
|  21|0x00000000e1500000, 0x00000000e1500000, 0x00000000e1600000|  0%| F|  |TAMS 0x00000000e1500000, 0x00000000e1500000| Untracked 
|  22|0x00000000e1600000, 0x00000000e1600000, 0x00000000e1700000|  0%| F|  |TAMS 0x00000000e1600000, 0x00000000e1600000| Untracked 
|  23|0x00000000e1700000, 0x00000000e1700000, 0x00000000e1800000|  0%| F|  |TAMS 0x00000000e1700000, 0x00000000e1700000| Untracked 
|  24|0x00000000e1800000, 0x00000000e1800000, 0x00000000e1900000|  0%| F|  |TAMS 0x00000000e1800000, 0x00000000e1800000| Untracked 
|  25|0x00000000e1900000, 0x00000000e1900000, 0x00000000e1a00000|  0%| F|  |TAMS 0x00000000e1900000, 0x00000000e1900000| Untracked 
|  26|0x00000000e1a00000, 0x00000000e1a00000, 0x00000000e1b00000|  0%| F|  |TAMS 0x00000000e1a00000, 0x00000000e1a00000| Untracked 
|  27|0x00000000e1b00000, 0x00000000e1b00000, 0x00000000e1c00000|  0%| F|  |TAMS 0x00000000e1b00000, 0x00000000e1b00000| Untracked 
|  28|0x00000000e1c00000, 0x00000000e1c00000, 0x00000000e1d00000|  0%| F|  |TAMS 0x00000000e1c00000, 0x00000000e1c00000| Untracked 
|  29|0x00000000e1d00000, 0x00000000e1d00000, 0x00000000e1e00000|  0%| F|  |TAMS 0x00000000e1d00000, 0x00000000e1d00000| Untracked 
|  30|0x00000000e1e00000, 0x00000000e1e00000, 0x00000000e1f00000|  0%| F|  |TAMS 0x00000000e1e00000, 0x00000000e1e00000| Untracked 
|  31|0x00000000e1f00000, 0x00000000e1f00000, 0x00000000e2000000|  0%| F|  |TAMS 0x00000000e1f00000, 0x00000000e1f00000| Untracked 
|  32|0x00000000e2000000, 0x00000000e2000000, 0x00000000e2100000|  0%| F|  |TAMS 0x00000000e2000000, 0x00000000e2000000| Untracked 
|  33|0x00000000e2100000, 0x00000000e2100000, 0x00000000e2200000|  0%| F|  |TAMS 0x00000000e2100000, 0x00000000e2100000| Untracked 
|  34|0x00000000e2200000, 0x00000000e2200000, 0x00000000e2300000|  0%| F|  |TAMS 0x00000000e2200000, 0x00000000e2200000| Untracked 
|  35|0x00000000e2300000, 0x00000000e2300000, 0x00000000e2400000|  0%| F|  |TAMS 0x00000000e2300000, 0x00000000e2300000| Untracked 
|  36|0x00000000e2400000, 0x00000000e2400000, 0x00000000e2500000|  0%| F|  |TAMS 0x00000000e2400000, 0x00000000e2400000| Untracked 
|  37|0x00000000e2500000, 0x00000000e2500000, 0x00000000e2600000|  0%| F|  |TAMS 0x00000000e2500000, 0x00000000e2500000| Untracked 
|  38|0x00000000e2600000, 0x00000000e2600000, 0x00000000e2700000|  0%| F|  |TAMS 0x00000000e2600000, 0x00000000e2600000| Untracked 
|  39|0x00000000e2700000, 0x00000000e2700000, 0x00000000e2800000|  0%| F|  |TAMS 0x00000000e2700000, 0x00000000e2700000| Untracked 
|  40|0x00000000e2800000, 0x00000000e2800000, 0x00000000e2900000|  0%| F|  |TAMS 0x00000000e2800000, 0x00000000e2800000| Untracked 
|  41|0x00000000e2900000, 0x00000000e2900000, 0x00000000e2a00000|  0%| F|  |TAMS 0x00000000e2900000, 0x00000000e2900000| Untracked 
|  42|0x00000000e2a00000, 0x00000000e2a00000, 0x00000000e2b00000|  0%| F|  |TAMS 0x00000000e2a00000, 0x00000000e2a00000| Untracked 
|  43|0x00000000e2b00000, 0x00000000e2b00000, 0x00000000e2c00000|  0%| F|  |TAMS 0x00000000e2b00000, 0x00000000e2b00000| Untracked 
|  44|0x00000000e2c00000, 0x00000000e2c00000, 0x00000000e2d00000|  0%| F|  |TAMS 0x00000000e2c00000, 0x00000000e2c00000| Untracked 
|  45|0x00000000e2d00000, 0x00000000e2d00000, 0x00000000e2e00000|  0%| F|  |TAMS 0x00000000e2d00000, 0x00000000e2d00000| Untracked 
|  46|0x00000000e2e00000, 0x00000000e2e00000, 0x00000000e2f00000|  0%| F|  |TAMS 0x00000000e2e00000, 0x00000000e2e00000| Untracked 
|  47|0x00000000e2f00000, 0x00000000e2f00000, 0x00000000e3000000|  0%| F|  |TAMS 0x00000000e2f00000, 0x00000000e2f00000| Untracked 
|  48|0x00000000e3000000, 0x00000000e3000000, 0x00000000e3100000|  0%| F|  |TAMS 0x00000000e3000000, 0x00000000e3000000| Untracked 
|  49|0x00000000e3100000, 0x00000000e3100000, 0x00000000e3200000|  0%| F|  |TAMS 0x00000000e3100000, 0x00000000e3100000| Untracked 
|  50|0x00000000e3200000, 0x00000000e3200000, 0x00000000e3300000|  0%| F|  |TAMS 0x00000000e3200000, 0x00000000e3200000| Untracked 
|  51|0x00000000e3300000, 0x00000000e3300000, 0x00000000e3400000|  0%| F|  |TAMS 0x00000000e3300000, 0x00000000e3300000| Untracked 
|  52|0x00000000e3400000, 0x00000000e3400000, 0x00000000e3500000|  0%| F|  |TAMS 0x00000000e3400000, 0x00000000e3400000| Untracked 
|  53|0x00000000e3500000, 0x00000000e3500000, 0x00000000e3600000|  0%| F|  |TAMS 0x00000000e3500000, 0x00000000e3500000| Untracked 
|  54|0x00000000e3600000, 0x00000000e3600000, 0x00000000e3700000|  0%| F|  |TAMS 0x00000000e3600000, 0x00000000e3600000| Untracked 
|  55|0x00000000e3700000, 0x00000000e3700000, 0x00000000e3800000|  0%| F|  |TAMS 0x00000000e3700000, 0x00000000e3700000| Untracked 
|  56|0x00000000e3800000, 0x00000000e3800000, 0x00000000e3900000|  0%| F|  |TAMS 0x00000000e3800000, 0x00000000e3800000| Untracked 
|  57|0x00000000e3900000, 0x00000000e3900000, 0x00000000e3a00000|  0%| F|  |TAMS 0x00000000e3900000, 0x00000000e3900000| Untracked 
|  58|0x00000000e3a00000, 0x00000000e3a00000, 0x00000000e3b00000|  0%| F|  |TAMS 0x00000000e3a00000, 0x00000000e3a00000| Untracked 
|  59|0x00000000e3b00000, 0x00000000e3b00000, 0x00000000e3c00000|  0%| F|  |TAMS 0x00000000e3b00000, 0x00000000e3b00000| Untracked 
|  60|0x00000000e3c00000, 0x00000000e3cd7860, 0x00000000e3d00000| 84%| S|CS|TAMS 0x00000000e3c00000, 0x00000000e3c00000| Complete 
|  61|0x00000000e3d00000, 0x00000000e3e00000, 0x00000000e3e00000|100%| S|CS|TAMS 0x00000000e3d00000, 0x00000000e3d00000| Complete 
|  62|0x00000000e3e00000, 0x00000000e3f00000, 0x00000000e3f00000|100%| S|CS|TAMS 0x00000000e3e00000, 0x00000000e3e00000| Complete 
|  63|0x00000000e3f00000, 0x00000000e4000000, 0x00000000e4000000|100%| S|CS|TAMS 0x00000000e3f00000, 0x00000000e3f00000| Complete 
|  64|0x00000000e4000000, 0x00000000e4100000, 0x00000000e4100000|100%| S|CS|TAMS 0x00000000e4000000, 0x00000000e4000000| Complete 
|  65|0x00000000e4100000, 0x00000000e4200000, 0x00000000e4200000|100%| S|CS|TAMS 0x00000000e4100000, 0x00000000e4100000| Complete 
|  66|0x00000000e4200000, 0x00000000e4200000, 0x00000000e4300000|  0%| F|  |TAMS 0x00000000e4200000, 0x00000000e4200000| Untracked 
|  67|0x00000000e4300000, 0x00000000e4300000, 0x00000000e4400000|  0%| F|  |TAMS 0x00000000e4300000, 0x00000000e4300000| Untracked 
|  68|0x00000000e4400000, 0x00000000e4400000, 0x00000000e4500000|  0%| F|  |TAMS 0x00000000e4400000, 0x00000000e4400000| Untracked 
|  69|0x00000000e4500000, 0x00000000e4500000, 0x00000000e4600000|  0%| F|  |TAMS 0x00000000e4500000, 0x00000000e4500000| Untracked 
|  70|0x00000000e4600000, 0x00000000e4600000, 0x00000000e4700000|  0%| F|  |TAMS 0x00000000e4600000, 0x00000000e4600000| Untracked 
|  71|0x00000000e4700000, 0x00000000e4700000, 0x00000000e4800000|  0%| F|  |TAMS 0x00000000e4700000, 0x00000000e4700000| Untracked 
|  72|0x00000000e4800000, 0x00000000e4800000, 0x00000000e4900000|  0%| F|  |TAMS 0x00000000e4800000, 0x00000000e4800000| Untracked 
|  73|0x00000000e4900000, 0x00000000e4900000, 0x00000000e4a00000|  0%| F|  |TAMS 0x00000000e4900000, 0x00000000e4900000| Untracked 
|  74|0x00000000e4a00000, 0x00000000e4a00000, 0x00000000e4b00000|  0%| F|  |TAMS 0x00000000e4a00000, 0x00000000e4a00000| Untracked 
|  75|0x00000000e4b00000, 0x00000000e4b00000, 0x00000000e4c00000|  0%| F|  |TAMS 0x00000000e4b00000, 0x00000000e4b00000| Untracked 
|  76|0x00000000e4c00000, 0x00000000e4c00000, 0x00000000e4d00000|  0%| F|  |TAMS 0x00000000e4c00000, 0x00000000e4c00000| Untracked 
|  77|0x00000000e4d00000, 0x00000000e4d00000, 0x00000000e4e00000|  0%| F|  |TAMS 0x00000000e4d00000, 0x00000000e4d00000| Untracked 
|  78|0x00000000e4e00000, 0x00000000e4e00000, 0x00000000e4f00000|  0%| F|  |TAMS 0x00000000e4e00000, 0x00000000e4e00000| Untracked 
|  79|0x00000000e4f00000, 0x00000000e4f00000, 0x00000000e5000000|  0%| F|  |TAMS 0x00000000e4f00000, 0x00000000e4f00000| Untracked 
|  80|0x00000000e5000000, 0x00000000e5000000, 0x00000000e5100000|  0%| F|  |TAMS 0x00000000e5000000, 0x00000000e5000000| Untracked 
|  81|0x00000000e5100000, 0x00000000e5100000, 0x00000000e5200000|  0%| F|  |TAMS 0x00000000e5100000, 0x00000000e5100000| Untracked 
|  82|0x00000000e5200000, 0x00000000e5200000, 0x00000000e5300000|  0%| F|  |TAMS 0x00000000e5200000, 0x00000000e5200000| Untracked 
|  83|0x00000000e5300000, 0x00000000e5300000, 0x00000000e5400000|  0%| F|  |TAMS 0x00000000e5300000, 0x00000000e5300000| Untracked 
|  84|0x00000000e5400000, 0x00000000e5400000, 0x00000000e5500000|  0%| F|  |TAMS 0x00000000e5400000, 0x00000000e5400000| Untracked 
|  85|0x00000000e5500000, 0x00000000e5500000, 0x00000000e5600000|  0%| F|  |TAMS 0x00000000e5500000, 0x00000000e5500000| Untracked 
|  86|0x00000000e5600000, 0x00000000e5600000, 0x00000000e5700000|  0%| F|  |TAMS 0x00000000e5600000, 0x00000000e5600000| Untracked 
|  87|0x00000000e5700000, 0x00000000e5700000, 0x00000000e5800000|  0%| F|  |TAMS 0x00000000e5700000, 0x00000000e5700000| Untracked 
|  88|0x00000000e5800000, 0x00000000e5800000, 0x00000000e5900000|  0%| F|  |TAMS 0x00000000e5800000, 0x00000000e5800000| Untracked 
|  89|0x00000000e5900000, 0x00000000e5900000, 0x00000000e5a00000|  0%| F|  |TAMS 0x00000000e5900000, 0x00000000e5900000| Untracked 
|  90|0x00000000e5a00000, 0x00000000e5a00000, 0x00000000e5b00000|  0%| F|  |TAMS 0x00000000e5a00000, 0x00000000e5a00000| Untracked 
|  91|0x00000000e5b00000, 0x00000000e5b00000, 0x00000000e5c00000|  0%| F|  |TAMS 0x00000000e5b00000, 0x00000000e5b00000| Untracked 
|  92|0x00000000e5c00000, 0x00000000e5c00000, 0x00000000e5d00000|  0%| F|  |TAMS 0x00000000e5c00000, 0x00000000e5c00000| Untracked 
|  93|0x00000000e5d00000, 0x00000000e5d00000, 0x00000000e5e00000|  0%| F|  |TAMS 0x00000000e5d00000, 0x00000000e5d00000| Untracked 
|  94|0x00000000e5e00000, 0x00000000e5e00000, 0x00000000e5f00000|  0%| F|  |TAMS 0x00000000e5e00000, 0x00000000e5e00000| Untracked 
|  95|0x00000000e5f00000, 0x00000000e5f00000, 0x00000000e6000000|  0%| F|  |TAMS 0x00000000e5f00000, 0x00000000e5f00000| Untracked 
|  96|0x00000000e6000000, 0x00000000e6000000, 0x00000000e6100000|  0%| F|  |TAMS 0x00000000e6000000, 0x00000000e6000000| Untracked 
|  97|0x00000000e6100000, 0x00000000e6100000, 0x00000000e6200000|  0%| F|  |TAMS 0x00000000e6100000, 0x00000000e6100000| Untracked 
|  98|0x00000000e6200000, 0x00000000e6200000, 0x00000000e6300000|  0%| F|  |TAMS 0x00000000e6200000, 0x00000000e6200000| Untracked 
|  99|0x00000000e6300000, 0x00000000e6300000, 0x00000000e6400000|  0%| F|  |TAMS 0x00000000e6300000, 0x00000000e6300000| Untracked 
| 100|0x00000000e6400000, 0x00000000e6400000, 0x00000000e6500000|  0%| F|  |TAMS 0x00000000e6400000, 0x00000000e6400000| Untracked 
| 101|0x00000000e6500000, 0x00000000e6500000, 0x00000000e6600000|  0%| F|  |TAMS 0x00000000e6500000, 0x00000000e6500000| Untracked 
| 102|0x00000000e6600000, 0x00000000e6600000, 0x00000000e6700000|  0%| F|  |TAMS 0x00000000e6600000, 0x00000000e6600000| Untracked 
| 103|0x00000000e6700000, 0x00000000e6700000, 0x00000000e6800000|  0%| F|  |TAMS 0x00000000e6700000, 0x00000000e6700000| Untracked 
| 104|0x00000000e6800000, 0x00000000e6800000, 0x00000000e6900000|  0%| F|  |TAMS 0x00000000e6800000, 0x00000000e6800000| Untracked 
| 105|0x00000000e6900000, 0x00000000e6900000, 0x00000000e6a00000|  0%| F|  |TAMS 0x00000000e6900000, 0x00000000e6900000| Untracked 
| 106|0x00000000e6a00000, 0x00000000e6a00000, 0x00000000e6b00000|  0%| F|  |TAMS 0x00000000e6a00000, 0x00000000e6a00000| Untracked 
| 107|0x00000000e6b00000, 0x00000000e6b00000, 0x00000000e6c00000|  0%| F|  |TAMS 0x00000000e6b00000, 0x00000000e6b00000| Untracked 
| 108|0x00000000e6c00000, 0x00000000e6c00000, 0x00000000e6d00000|  0%| F|  |TAMS 0x00000000e6c00000, 0x00000000e6c00000| Untracked 
| 109|0x00000000e6d00000, 0x00000000e6d00000, 0x00000000e6e00000|  0%| F|  |TAMS 0x00000000e6d00000, 0x00000000e6d00000| Untracked 
| 110|0x00000000e6e00000, 0x00000000e6e00000, 0x00000000e6f00000|  0%| F|  |TAMS 0x00000000e6e00000, 0x00000000e6e00000| Untracked 
| 111|0x00000000e6f00000, 0x00000000e7000000, 0x00000000e7000000|100%| E|  |TAMS 0x00000000e6f00000, 0x00000000e6f00000| Complete 
| 112|0x00000000e7000000, 0x00000000e7100000, 0x00000000e7100000|100%| E|CS|TAMS 0x00000000e7000000, 0x00000000e7000000| Complete 
| 113|0x00000000e7100000, 0x00000000e7200000, 0x00000000e7200000|100%| E|CS|TAMS 0x00000000e7100000, 0x00000000e7100000| Complete 
| 114|0x00000000e7200000, 0x00000000e7300000, 0x00000000e7300000|100%| E|CS|TAMS 0x00000000e7200000, 0x00000000e7200000| Complete 
| 115|0x00000000e7300000, 0x00000000e7400000, 0x00000000e7400000|100%| E|CS|TAMS 0x00000000e7300000, 0x00000000e7300000| Complete 

Card table byte_map: [0x0000000259b10000,0x0000000259c10000] _byte_map_base: 0x0000000259410000

Marking Bits (Prev, Next): (CMBitMap*) 0x000000024272d830, (CMBitMap*) 0x000000024272d7f8
 Prev Bits: [0x000000025a510000, 0x000000025ad10000)
 Next Bits: [0x0000000259d10000, 0x000000025a510000)

Polling page: 0x00000002404a0000

Metaspace:

Usage:
  Non-class:     25.30 MB capacity,    24.87 MB ( 98%) used,   393.32 KB (  2%) free+waste,    44.19 KB ( <1%) overhead. 
      Class:      3.75 MB capacity,     3.57 MB ( 95%) used,   171.57 KB (  4%) free+waste,    20.69 KB ( <1%) overhead. 
       Both:     29.05 MB capacity,    28.44 MB ( 98%) used,   564.89 KB (  2%) free+waste,    64.88 KB ( <1%) overhead. 

Virtual space:
  Non-class space:       26.00 MB reserved,      25.50 MB ( 98%) committed 
      Class space:      248.00 MB reserved,       3.88 MB (  2%) committed 
             Both:      274.00 MB reserved,      29.38 MB ( 11%) committed 

Chunk freelists:
   Non-Class:  2.00 KB
       Class:  0 bytes
        Both:  2.00 KB

CodeHeap 'non-profiled nmethods': size=120064Kb used=1110Kb max_used=1110Kb free=118953Kb
 bounds [0x00000002524d0000, 0x0000000252740000, 0x0000000259a10000]
CodeHeap 'profiled nmethods': size=120000Kb used=5009Kb max_used=5009Kb free=114990Kb
 bounds [0x000000024afa0000, 0x000000024b490000, 0x00000002524d0000]
CodeHeap 'non-nmethods': size=5696Kb used=1495Kb max_used=1507Kb free=4200Kb
 bounds [0x000000024aa10000, 0x000000024ac80000, 0x000000024afa0000]
 total_blobs=3693 nmethods=2321 adapters=501
 compilation: enabled
              stopped_count=0, restarted_count=0
 full_count=0

Compilation events (10 events):
Event: 6.906 Thread 0x000000025d731000 nmethod 2456 0x000000024b46d310 code [0x000000024b46d560, 0x000000024b46df10]
Event: 6.906 Thread 0x000000025d731000 2453       3       org.codehaus.groovy.classgen.asm.util.TypeUtil::isPrimitiveType (10 bytes)
Event: 6.906 Thread 0x000000025d731000 nmethod 2453 0x000000024b46e290 code [0x000000024b46e460, 0x000000024b46e6f0]
Event: 6.906 Thread 0x000000025d731000 2454       3       java.util.Collections$UnmodifiableMap::containsKey (11 bytes)
Event: 6.907 Thread 0x000000025d731000 nmethod 2454 0x000000024b46e810 code [0x000000024b46e9e0, 0x000000024b46ec10]
Event: 6.907 Thread 0x000000025d731000 2459       3       org.codehaus.groovy.ast.ClassHelper::makeWithoutCaching (47 bytes)
Event: 6.908 Thread 0x000000025d731000 nmethod 2459 0x000000024b46ed10 code [0x000000024b46ef60, 0x000000024b46f760]
Event: 6.908 Thread 0x000000025d731000 2457   !   3       sun.reflect.annotation.AnnotationParser::parseAnnotations (37 bytes)
Event: 6.908 Thread 0x000000025d731000 nmethod 2457 0x000000024b46fa10 code [0x000000024b46fc00, 0x000000024b46ff70]
Event: 6.908 Thread 0x000000025d731000 2455       3       org.codehaus.groovy.ast.ClassNode::getPlainNodeReference (64 bytes)

GC Heap History (10 events):
Event: 1.403 GC heap before
{Heap before GC invocations=1 (full 0):
 garbage-first heap   total 118784K, used 17327K [0x00000000e0000000, 0x0000000100000000)
  region size 1024K, 12 young (12288K), 2 survivors (2048K)
 Metaspace       used 10609K, capacity 10916K, committed 11008K, reserved 264192K
  class space    used 1113K, capacity 1193K, committed 1280K, reserved 253952K
}
Event: 1.409 GC heap after
{Heap after GC invocations=2 (full 0):
 garbage-first heap   total 118784K, used 7620K [0x00000000e0000000, 0x0000000100000000)
  region size 1024K, 1 young (1024K), 1 survivors (1024K)
 Metaspace       used 10609K, capacity 10916K, committed 11008K, reserved 264192K
  class space    used 1113K, capacity 1193K, committed 1280K, reserved 253952K
}
Event: 2.151 GC heap before
{Heap before GC invocations=2 (full 0):
 garbage-first heap   total 118784K, used 34244K [0x00000000e0000000, 0x0000000100000000)
  region size 1024K, 28 young (28672K), 1 survivors (1024K)
 Metaspace       used 12634K, capacity 12985K, committed 13056K, reserved 266240K
  class space    used 1387K, capacity 1480K, committed 1536K, reserved 253952K
}
Event: 2.162 GC heap after
{Heap after GC invocations=3 (full 0):
 garbage-first heap   total 118784K, used 12378K [0x00000000e0000000, 0x0000000100000000)
  region size 1024K, 4 young (4096K), 4 survivors (4096K)
 Metaspace       used 12634K, capacity 12985K, committed 13056K, reserved 266240K
  class space    used 1387K, capacity 1480K, committed 1536K, reserved 253952K
}
Event: 4.200 GC heap before
{Heap before GC invocations=3 (full 0):
 garbage-first heap   total 118784K, used 56410K [0x00000000e0000000, 0x0000000100000000)
  region size 1024K, 47 young (48128K), 4 survivors (4096K)
 Metaspace       used 20610K, capacity 21106K, committed 21248K, reserved 272384K
  class space    used 2587K, capacity 2749K, committed 2816K, reserved 253952K
}
Event: 4.231 GC heap after
{Heap after GC invocations=4 (full 0):
 garbage-first heap   total 118784K, used 15275K [0x00000000e0000000, 0x0000000100000000)
  region size 1024K, 3 young (3072K), 3 survivors (3072K)
 Metaspace       used 20610K, capacity 21106K, committed 21248K, reserved 272384K
  class space    used 2587K, capacity 2749K, committed 2816K, reserved 253952K
}
Event: 4.302 GC heap before
{Heap before GC invocations=4 (full 0):
 garbage-first heap   total 118784K, used 16299K [0x00000000e0000000, 0x0000000100000000)
  region size 1024K, 5 young (5120K), 3 survivors (3072K)
 Metaspace       used 20758K, capacity 21202K, committed 21248K, reserved 272384K
  class space    used 2610K, capacity 2781K, committed 2816K, reserved 253952K
}
Event: 4.312 GC heap after
{Heap after GC invocations=5 (full 0):
 garbage-first heap   total 118784K, used 15385K [0x00000000e0000000, 0x0000000100000000)
  region size 1024K, 3 young (3072K), 3 survivors (3072K)
 Metaspace       used 20758K, capacity 21202K, committed 21248K, reserved 272384K
  class space    used 2610K, capacity 2781K, committed 2816K, reserved 253952K
}
Event: 6.742 GC heap before
{Heap before GC invocations=6 (full 0):
 garbage-first heap   total 118784K, used 71705K [0x00000000e0000000, 0x0000000100000000)
  region size 1024K, 50 young (51200K), 3 survivors (3072K)
 Metaspace       used 28245K, capacity 28860K, committed 29184K, reserved 280576K
  class space    used 3567K, capacity 3741K, committed 3840K, reserved 253952K
}
Event: 6.757 GC heap after
{Heap after GC invocations=7 (full 0):
 garbage-first heap   total 118784K, used 26860K [0x00000000e0000000, 0x0000000100000000)
  region size 1024K, 6 young (6144K), 6 survivors (6144K)
 Metaspace       used 28245K, capacity 28860K, committed 29184K, reserved 280576K
  class space    used 3567K, capacity 3741K, committed 3840K, reserved 253952K
}

Deoptimization events (10 events):
Event: 5.654 Thread 0x0000000260426000 Uncommon trap: reason=bimorphic_or_optimized_type_check action=maybe_recompile pc=0x0000000252586ab4 method=java.lang.ClassLoader.loadClass(Ljava/lang/String;Z)Ljava/lang/Class; @ 38 c2
Event: 5.656 Thread 0x0000000260426000 Uncommon trap: reason=bimorphic_or_optimized_type_check action=maybe_recompile pc=0x0000000252586ab4 method=java.lang.ClassLoader.loadClass(Ljava/lang/String;Z)Ljava/lang/Class; @ 38 c2
Event: 5.658 Thread 0x0000000260426000 Uncommon trap: reason=bimorphic_or_optimized_type_check action=maybe_recompile pc=0x0000000252586ab4 method=java.lang.ClassLoader.loadClass(Ljava/lang/String;Z)Ljava/lang/Class; @ 38 c2
Event: 6.011 Thread 0x0000000260426000 Uncommon trap: reason=unstable_if action=reinterpret pc=0x0000000252571434 method=java.lang.AbstractStringBuilder.append(Ljava/lang/String;)Ljava/lang/AbstractStringBuilder; @ 1 c2
Event: 6.011 Thread 0x0000000260426000 Uncommon trap: reason=unstable_if action=reinterpret pc=0x000000025256839c method=java.lang.AbstractStringBuilder.append(Ljava/lang/String;)Ljava/lang/AbstractStringBuilder; @ 1 c2
Event: 6.413 Thread 0x0000000260426000 Uncommon trap: reason=unstable_if action=reinterpret pc=0x00000002525b21fc method=java.lang.ClassLoader.getClassLoadingLock(Ljava/lang/String;)Ljava/lang/Object; @ 6 c2
Event: 6.416 Thread 0x0000000260426000 Uncommon trap: reason=unstable_if action=reinterpret pc=0x00000002525b37a0 method=java.lang.ClassLoader.getClassLoadingLock(Ljava/lang/String;)Ljava/lang/Object; @ 6 c2
Event: 6.481 Thread 0x0000000260426000 Uncommon trap: reason=unstable_if action=reinterpret pc=0x0000000252524ed4 method=java.util.LinkedHashMap.afterNodeInsertion(Z)V @ 1 c2
Event: 6.482 Thread 0x0000000260426000 Uncommon trap: reason=bimorphic_or_optimized_type_check action=maybe_recompile pc=0x0000000252580890 method=java.util.HashMap.putVal(ILjava/lang/Object;Ljava/lang/Object;ZZ)Ljava/lang/Object; @ 203 c2
Event: 6.488 Thread 0x0000000260426000 Uncommon trap: reason=unstable_if action=reinterpret pc=0x000000025250e1b4 method=java.util.concurrent.ConcurrentHashMap.get(Ljava/lang/Object;)Ljava/lang/Object; @ 152 c2

Classes redefined (0 events):
No events

Internal exceptions (10 events):
Event: 5.881 Thread 0x0000000260426000 Exception <a 'java/lang/NoSuchMethodError'{0x00000000e5a026f0}: <clinit>> (0x00000000e5a026f0) thrown at [t:/workspace/open/src/hotspot/share/prims/jni.cpp, line 1364]
Event: 5.882 Thread 0x0000000260426000 Exception <a 'java/lang/NoSuchMethodError'{0x00000000e5a0bf00}: <clinit>> (0x00000000e5a0bf00) thrown at [t:/workspace/open/src/hotspot/share/prims/jni.cpp, line 1364]
Event: 5.883 Thread 0x0000000260426000 Exception <a 'java/lang/NoSuchMethodError'{0x00000000e5a159d8}: <clinit>> (0x00000000e5a159d8) thrown at [t:/workspace/open/src/hotspot/share/prims/jni.cpp, line 1364]
Event: 5.900 Thread 0x0000000260426000 Exception <a 'java/lang/NoSuchMethodError'{0x00000000e5aa5f68}: <clinit>> (0x00000000e5aa5f68) thrown at [t:/workspace/open/src/hotspot/share/prims/jni.cpp, line 1364]
Event: 5.900 Thread 0x0000000260426000 Exception <a 'java/lang/NoSuchMethodError'{0x00000000e5aa8720}: <clinit>> (0x00000000e5aa8720) thrown at [t:/workspace/open/src/hotspot/share/prims/jni.cpp, line 1364]
Event: 5.900 Thread 0x0000000260426000 Exception <a 'java/lang/NoSuchMethodError'{0x00000000e5aa9d18}: <clinit>> (0x00000000e5aa9d18) thrown at [t:/workspace/open/src/hotspot/share/prims/jni.cpp, line 1364]
Event: 5.900 Thread 0x0000000260426000 Exception <a 'java/lang/NoSuchMethodError'{0x00000000e5aab208}: <clinit>> (0x00000000e5aab208) thrown at [t:/workspace/open/src/hotspot/share/prims/jni.cpp, line 1364]
Event: 5.901 Thread 0x0000000260426000 Exception <a 'java/lang/NoSuchMethodError'{0x00000000e5aac630}: <clinit>> (0x00000000e5aac630) thrown at [t:/workspace/open/src/hotspot/share/prims/jni.cpp, line 1364]
Event: 6.011 Thread 0x0000000260426000 Implicit null exception at 0x0000000252570e14 to 0x000000025257141e
Event: 6.011 Thread 0x0000000260426000 Implicit null exception at 0x0000000252567d94 to 0x0000000252568386

Events (10 events):
Event: 6.886 loading class groovy/lang/Closure$WritableClosure
Event: 6.886 loading class groovy/lang/Closure$WritableClosure done
Event: 6.887 loading class groovy/lang/TrampolineClosure
Event: 6.887 loading class groovy/lang/TrampolineClosure done
Event: 6.888 loading class org/codehaus/groovy/runtime/CurriedClosure
Event: 6.888 loading class org/codehaus/groovy/runtime/CurriedClosure done
Event: 6.890 loading class org/codehaus/groovy/runtime/callsite/BooleanClosureWrapper
Event: 6.890 loading class org/codehaus/groovy/runtime/callsite/BooleanClosureWrapper done
Event: 6.907 loading class java/lang/FunctionalInterface
Event: 6.907 loading class java/lang/FunctionalInterface done


Dynamic libraries:
0x00007ff618600000 - 0x00007ff618647000 	C:\Program Files\Java\jdk-11.0.1\bin\java.exe
0x00007ffb2a900000 - 0x00007ffb2aaac000 	C:\Windows\SYSTEM32\ntdll.dll
0x00007ffb2a780000 - 0x00007ffb2a8be000 	C:\Windows\system32\KERNEL32.DLL
0x00007ffb27db0000 - 0x00007ffb27ec5000 	C:\Windows\system32\KERNELBASE.dll
0x00007ffb2a560000 - 0x00007ffb2a60a000 	C:\Windows\system32\ADVAPI32.dll
0x00007ffb2a3e0000 - 0x00007ffb2a557000 	C:\Windows\system32\USER32.dll
0x00007ffb25690000 - 0x00007ffb2590b000 	C:\Windows\WinSxS\amd64_microsoft.windows.common-controls_6595b64144ccf1df_6.0.9600.17415_none_6240486fecbd8abb\COMCTL32.dll
0x00007ffb25380000 - 0x00007ffb2538a000 	C:\Windows\SYSTEM32\VERSION.dll
0x00007ffb28150000 - 0x00007ffb281fa000 	C:\Windows\system32\msvcrt.dll
0x00007ffb28200000 - 0x00007ffb28259000 	C:\Windows\SYSTEM32\sechost.dll
0x00007ffb28320000 - 0x00007ffb28461000 	C:\Windows\system32\RPCRT4.dll
0x00007ffb28470000 - 0x00007ffb285c1000 	C:\Windows\system32\GDI32.dll
0x00007ffb2a8c0000 - 0x00007ffb2a8f6000 	C:\Windows\system32\IMM32.DLL
0x00007ffb27f90000 - 0x00007ffb280e3000 	C:\Windows\system32\MSCTF.dll
0x00007ffb17bd0000 - 0x00007ffb17be6000 	C:\Program Files\Java\jdk-11.0.1\bin\vcruntime140.dll
0x00007ffb189d0000 - 0x00007ffb189d4000 	C:\Program Files\Java\jdk-11.0.1\bin\api-ms-win-crt-runtime-l1-1-0.dll
0x00007ffb18070000 - 0x00007ffb18074000 	C:\Program Files\Java\jdk-11.0.1\bin\api-ms-win-crt-string-l1-1-0.dll
0x00007ffb152f0000 - 0x00007ffb152f3000 	C:\Program Files\Java\jdk-11.0.1\bin\api-ms-win-crt-heap-l1-1-0.dll
0x00007ffb14710000 - 0x00007ffb14714000 	C:\Program Files\Java\jdk-11.0.1\bin\api-ms-win-crt-stdio-l1-1-0.dll
0x00007ffb11eb0000 - 0x00007ffb11eb4000 	C:\Program Files\Java\jdk-11.0.1\bin\api-ms-win-crt-convert-l1-1-0.dll
0x00007ffb0f700000 - 0x00007ffb0f7f6000 	C:\Program Files\Java\jdk-11.0.1\bin\ucrtbase.DLL
0x00007ffb0f650000 - 0x00007ffb0f6fa000 	C:\Program Files\Java\jdk-11.0.1\bin\msvcp140.dll
0x00007ffb100c0000 - 0x00007ffb100c3000 	C:\Program Files\Java\jdk-11.0.1\bin\api-ms-win-crt-locale-l1-1-0.dll
0x00007ffb100b0000 - 0x00007ffb100b5000 	C:\Program Files\Java\jdk-11.0.1\bin\api-ms-win-crt-math-l1-1-0.dll
0x00007ffb100a0000 - 0x00007ffb100a5000 	C:\Program Files\Java\jdk-11.0.1\bin\api-ms-win-crt-multibyte-l1-1-0.dll
0x00007ffb10090000 - 0x00007ffb10093000 	C:\Program Files\Java\jdk-11.0.1\bin\api-ms-win-crt-time-l1-1-0.dll
0x00007ffb10080000 - 0x00007ffb10083000 	C:\Program Files\Java\jdk-11.0.1\bin\api-ms-win-crt-filesystem-l1-1-0.dll
0x00007ffb10070000 - 0x00007ffb10073000 	C:\Program Files\Java\jdk-11.0.1\bin\api-ms-win-crt-environment-l1-1-0.dll
0x00007ffb10060000 - 0x00007ffb10063000 	C:\Program Files\Java\jdk-11.0.1\bin\api-ms-win-crt-utility-l1-1-0.dll
0x00007ffaff800000 - 0x00007ffb00342000 	C:\Program Files\Java\jdk-11.0.1\bin\server\jvm.dll
0x00007ffb241d0000 - 0x00007ffb241d9000 	C:\Windows\SYSTEM32\WSOCK32.dll
0x00007ffb23200000 - 0x00007ffb23222000 	C:\Windows\SYSTEM32\WINMM.dll
0x00007ffb2a690000 - 0x00007ffb2a697000 	C:\Windows\system32\PSAPI.DLL
0x00007ffb2a6c0000 - 0x00007ffb2a71a000 	C:\Windows\system32\WS2_32.dll
0x00007ffb231d0000 - 0x00007ffb231fa000 	C:\Windows\SYSTEM32\WINMMBASE.dll
0x00007ffb27f80000 - 0x00007ffb27f89000 	C:\Windows\system32\NSI.dll
0x00007ffb27f30000 - 0x00007ffb27f7f000 	C:\Windows\SYSTEM32\cfgmgr32.dll
0x00007ffb26870000 - 0x00007ffb26898000 	C:\Windows\SYSTEM32\DEVOBJ.dll
0x00007ffb10040000 - 0x00007ffb10051000 	C:\Program Files\Java\jdk-11.0.1\bin\verify.dll
0x00007ffb20a70000 - 0x00007ffb20bfa000 	C:\Windows\SYSTEM32\DBGHELP.DLL
0x00007ffb0fa50000 - 0x00007ffb0fa79000 	C:\Program Files\Java\jdk-11.0.1\bin\java.dll
0x00007ffb0f630000 - 0x00007ffb0f646000 	C:\Program Files\Java\jdk-11.0.1\bin\zip.dll
0x00007ffb0f620000 - 0x00007ffb0f62a000 	C:\Program Files\Java\jdk-11.0.1\bin\jimage.dll
0x00007ffb28690000 - 0x00007ffb29ba9000 	C:\Windows\system32\SHELL32.dll
0x00007ffb29d50000 - 0x00007ffb29f61000 	C:\Windows\SYSTEM32\combase.dll
0x00007ffb2a720000 - 0x00007ffb2a774000 	C:\Windows\system32\SHLWAPI.dll
0x00007ffb25fa0000 - 0x00007ffb26052000 	C:\Windows\SYSTEM32\SHCORE.dll
0x00007ffb27a50000 - 0x00007ffb27a65000 	C:\Windows\SYSTEM32\profapi.dll
0x00007ffb0f600000 - 0x00007ffb0f619000 	C:\Program Files\Java\jdk-11.0.1\bin\net.dll
0x00007ffb1b300000 - 0x00007ffb1b3c9000 	C:\Windows\SYSTEM32\WINHTTP.dll
0x00007ffb272c0000 - 0x00007ffb27319000 	C:\Windows\system32\mswsock.dll
0x00007ffb0f5e0000 - 0x00007ffb0f5f3000 	C:\Program Files\Java\jdk-11.0.1\bin\nio.dll
0x00007ffb236b0000 - 0x00007ffb236ce000 	C:\Users\alexey\.gradle\native\25\windows-amd64\native-platform.dll
0x00007ffb0f5d0000 - 0x00007ffb0f5d9000 	C:\Program Files\Java\jdk-11.0.1\bin\management.dll
0x00007ffb0f5c0000 - 0x00007ffb0f5cc000 	C:\Program Files\Java\jdk-11.0.1\bin\management_ext.dll
0x00007ffb27320000 - 0x00007ffb27340000 	C:\Windows\SYSTEM32\CRYPTSP.dll
0x00007ffb26f40000 - 0x00007ffb26f76000 	C:\Windows\system32\rsaenh.dll
0x00007ffb27570000 - 0x00007ffb27596000 	C:\Windows\SYSTEM32\bcrypt.dll
0x00007ffb27050000 - 0x00007ffb27071000 	C:\Windows\SYSTEM32\USERENV.dll
0x00007ffb278f0000 - 0x00007ffb27953000 	C:\Windows\system32\bcryptprimitives.dll
0x00007ffb27a40000 - 0x00007ffb27a4b000 	C:\Windows\SYSTEM32\CRYPTBASE.dll
0x00007ffb237d0000 - 0x00007ffb237fa000 	C:\Windows\SYSTEM32\IPHLPAPI.DLL
0x00007ffb235c0000 - 0x00007ffb235ca000 	C:\Windows\SYSTEM32\WINNSI.DLL
0x00007ffb224e0000 - 0x00007ffb224f6000 	C:\Windows\SYSTEM32\dhcpcsvc6.DLL
0x00007ffb225c0000 - 0x00007ffb225da000 	C:\Windows\SYSTEM32\dhcpcsvc.DLL

dbghelp: loaded successfully - version: 4.0.5 - missing functions: none
symbol engine: initialized successfully - sym options: 0x614 - pdb path: .;C:\Program Files\Java\jdk-11.0.1\bin;C:\Windows\SYSTEM32;C:\Windows\WinSxS\amd64_microsoft.windows.common-controls_6595b64144ccf1df_6.0.9600.17415_none_6240486fecbd8abb;C:\Program Files\Java\jdk-11.0.1\bin\server;C:\Users\alexey\.gradle\native\25\windows-amd64

VM Arguments:
jvm_args: --add-opens=java.base/java.util=ALL-UNNAMED --add-opens=java.base/java.lang=ALL-UNNAMED --add-opens=java.base/java.lang.invoke=ALL-UNNAMED --add-opens=java.prefs/java.util.prefs=ALL-UNNAMED -XX:MaxMetaspaceSize=256m -XX:+HeapDumpOnOutOfMemoryError -Xmx512m -Dfile.encoding=windows-1251 -Duser.country=RU -Duser.language=ru -Duser.variant 
java_command: org.gradle.launcher.daemon.bootstrap.GradleDaemon 5.1
java_class_path (initial): C:\Users\alexey\.gradle\wrapper\dists\gradle-5.1-all\agkdmobix61yocaldxqz74wpx\gradle-5.1\lib\gradle-launcher-5.1.jar
Launcher Type: SUN_STANDARD

[Global flags]
     intx CICompilerCount                          = 3                                         {product} {ergonomic}
   size_t CompressedClassSpaceSize                 = 260046848                                 {product} {ergonomic}
     uint ConcGCThreads                            = 1                                         {product} {ergonomic}
     uint G1ConcRefinementThreads                  = 4                                         {product} {ergonomic}
   size_t G1HeapRegionSize                         = 1048576                                   {product} {ergonomic}
    uintx GCDrainStackTargetSize                   = 64                                        {product} {ergonomic}
     bool HeapDumpOnOutOfMemoryError               = true                                   {manageable} {command line}
   size_t InitialHeapSize                          = 121634816                                 {product} {ergonomic}
   size_t MarkStackSize                            = 4194304                                   {product} {ergonomic}
   size_t MaxHeapSize                              = 536870912                                 {product} {command line}
   size_t MaxMetaspaceSize                         = 268435456                                 {product} {command line}
   size_t MaxNewSize                               = 321912832                                 {product} {ergonomic}
   size_t MinHeapDeltaBytes                        = 1048576                                   {product} {ergonomic}
    uintx NonNMethodCodeHeapSize                   = 5830092                                {pd product} {ergonomic}
    uintx NonProfiledCodeHeapSize                  = 122914074                              {pd product} {ergonomic}
    uintx ProfiledCodeHeapSize                     = 122914074                              {pd product} {ergonomic}
    uintx ReservedCodeCacheSize                    = 251658240                              {pd product} {ergonomic}
     bool SegmentedCodeCache                       = true                                      {product} {ergonomic}
     bool UseCompressedClassPointers               = true                                 {lp64_product} {ergonomic}
     bool UseCompressedOops                        = true                                 {lp64_product} {ergonomic}
     bool UseG1GC                                  = true                                      {product} {ergonomic}
     bool UseLargePagesIndividualAllocation        = false                                  {pd product} {ergonomic}

Logging:
Log output configuration:
 #0: stdout all=warning uptime,level,tags
 #1: stderr all=off uptime,level,tags

Environment Variables:
JAVA_HOME=C:\Program Files\Java\jdk-11.0.1
PATH=C:\Windows\system32;C:\Windows;C:\Windows\System32\Wbem;C:\Windows\System32\WindowsPowerShell\v1.0\;C:\Program Files (x86)\ATI Technologies\ATI.ACE\Core-Static;C:\Program Files\Microsoft VS Code\bin;C:\Program Files\Java\jdk-11.0.1\bin;C:\Program Files\Git\cmd;C:\Gradle\bin;C:\Program Files (x86)\Windows Kits\10\Windows Performance Toolkit\;C:\Program Files\nodejs\;C:\php7\;C:\ProgramData\ComposerSetup\bin;C:\Users\alexey\AppData\Roaming\npm;E:\Docker Toolbox;C:\Users\alexey\AppData\Roaming\Composer\vendor\bin
USERNAME=alexey
OS=Windows_NT
PROCESSOR_IDENTIFIER=AMD64 Family 21 Model 19 Stepping 1, AuthenticAMD



---------------  S Y S T E M  ---------------

OS: Windows 8.1 , 64 bit Build 9600 (6.3.9600.17415)

CPU:total 4 (initial active 4) (4 cores per cpu, 1 threads per core) family 21 model 19 stepping 1, cmov, cx8, fxsr, mmx, sse, sse2, sse3, ssse3, sse4.1, sse4.2, popcnt, avx, aes, clmul, mmxext, 3dnowpref, lzcnt, sse4a, tsc, tscinvbit, tscinv, bmi1, fma

Memory: 4k page, system-wide physical 7364M (1642M free)
TotalPageFile size 7364M (AvailPageFile size 4M)
current process WorkingSet (physical memory assigned to process): 184M, peak: 184M
current process commit charge ("private bytes"): 262M, peak: 263M

vm_info: Java HotSpot(TM) 64-Bit Server VM (11.0.1+13-LTS) for windows-amd64 JRE (11.0.1+13-LTS), built on Oct  6 2018 13:20:16 by "mach5one" with MS VC++ 15.5 (VS2017)

END.
