#
# There is insufficient memory for the Java Runtime Environment to continue.
# Native memory allocation (malloc) failed to allocate 1002256 bytes for Chunk::new
# Possible reasons:
#   The system is out of physical RAM or swap space
#   The process is running with CompressedOops enabled, and the Java Heap may be blocking the growth of the native heap
# Possible solutions:
#   Reduce memory load on the system
#   Increase physical memory or swap space
#   Check if swap backing store is full
#   Decrease Java heap size (-Xmx/-Xms)
#   Decrease number of Java threads
#   Decrease Java thread stack sizes (-Xss)
#   Set larger code cache with -XX:ReservedCodeCacheSize=
#   JVM is running with Unscaled Compressed Oops mode in which the Java heap is
#     placed in the first 4GB address space. The Java Heap base address is the
#     maximum limit for the native heap growth. Please use -XX:HeapBaseMinAddress
#     to set the Java Heap base and to place the Java Heap above 4GB virtual address.
# This output file may be truncated or incomplete.
#
#  Out of Memory Error (t:/workspace/open/src/hotspot/share/memory/arena.cpp:197), pid=10424, tid=5528
#
# JRE version: Java(TM) SE Runtime Environment (11.0.1+13) (build 11.0.1+13-LTS)
# Java VM: Java HotSpot(TM) 64-Bit Server VM (11.0.1+13-LTS, mixed mode, tiered, compressed oops, g1 gc, windows-amd64)
# No core dump will be written. Minidumps are not enabled by default on client versions of Windows
#

---------------  S U M M A R Y ------------

Command Line: --add-opens=java.base/java.util=ALL-UNNAMED --add-opens=java.base/java.lang=ALL-UNNAMED --add-opens=java.base/java.lang.invoke=ALL-UNNAMED --add-opens=java.prefs/java.util.prefs=ALL-UNNAMED -XX:MaxMetaspaceSize=256m -XX:+HeapDumpOnOutOfMemoryError -Xmx512m -Dfile.encoding=windows-1251 -Duser.country=RU -Duser.language=ru -Duser.variant org.gradle.launcher.daemon.bootstrap.GradleDaemon 5.1

Host: AMD A10-5745M APU with Radeon(tm) HD Graphics  , 4 cores, 7G,  Windows 8.1 , 64 bit Build 9600 (6.3.9600.17415)
Time: Fri May 17 00:49:22 2019 RTZ 6 (ceia) elapsed time: 8 seconds (0d 0h 0m 8s)

---------------  T H R E A D  ---------------

Current thread (0x000000bd8f2cc000):  JavaThread "C2 CompilerThread0" daemon [_thread_in_native, id=5528, stack(0x000000bd90000000,0x000000bd90100000)]


Current CompileTask:
C2:   8385 2442   !   4       java.net.URLClassLoader$1::run (63 bytes)

Stack: [0x000000bd90000000,0x000000bd90100000]
Native frames: (J=compiled Java code, j=interpreted, Vv=VM code, C=native code)
V  [jvm.dll+0x63c21a]
V  [jvm.dll+0x7797df]
V  [jvm.dll+0x77adca]
V  [jvm.dll+0x77b483]
V  [jvm.dll+0x2627f8]
V  [jvm.dll+0xc5c71]
V  [jvm.dll+0xc61fc]
V  [jvm.dll+0x2d10f4]
V  [jvm.dll+0x55412f]
V  [jvm.dll+0x21e90f]
V  [jvm.dll+0x21b846]
V  [jvm.dll+0x198390]
V  [jvm.dll+0x22a97f]
V  [jvm.dll+0x228f98]
V  [jvm.dll+0x73f03d]
V  [jvm.dll+0x63b2b2]
C  [ucrtbase.DLL+0x1d885]
C  [KERNEL32.DLL+0x13d2]
C  [ntdll.dll+0x703c4]


---------------  P R O C E S S  ---------------

Threads class SMR info:
_java_thread_list=0x000000bd922d03b0, length=25, elements={
0x000000bdf4269000, 0x000000bd8f255000, 0x000000bd8f2b2000, 0x000000bd8f2c4000,
0x000000bd8f2c5000, 0x000000bd8f2cc000, 0x000000bd8f2d5000, 0x000000bd8f2d7800,
0x000000bd9042d000, 0x000000bd90497000, 0x000000bd915d7000, 0x000000bd91e85800,
0x000000bd91c81800, 0x000000bd9152f000, 0x000000bd920de800, 0x000000bd920df800,
0x000000bd92130000, 0x000000bd91a0c000, 0x000000bd92107000, 0x000000bd92107800,
0x000000bd922bb800, 0x000000bd922bc000, 0x000000bd922bd000, 0x000000bd922ba800,
0x000000bd94254800
}

Java Threads: ( => current thread )
  0x000000bdf4269000 JavaThread "main" [_thread_blocked, id=11880, stack(0x000000bdf3920000,0x000000bdf3a20000)]
  0x000000bd8f255000 JavaThread "Reference Handler" daemon [_thread_blocked, id=2192, stack(0x000000bd8fc00000,0x000000bd8fd00000)]
  0x000000bd8f2b2000 JavaThread "Finalizer" daemon [_thread_blocked, id=11392, stack(0x000000bd8fd00000,0x000000bd8fe00000)]
  0x000000bd8f2c4000 JavaThread "Signal Dispatcher" daemon [_thread_blocked, id=12036, stack(0x000000bd8fe00000,0x000000bd8ff00000)]
  0x000000bd8f2c5000 JavaThread "Attach Listener" daemon [_thread_blocked, id=12048, stack(0x000000bd8ff00000,0x000000bd90000000)]
=>0x000000bd8f2cc000 JavaThread "C2 CompilerThread0" daemon [_thread_in_native, id=5528, stack(0x000000bd90000000,0x000000bd90100000)]
  0x000000bd8f2d5000 JavaThread "C1 CompilerThread0" daemon [_thread_blocked, id=11572, stack(0x000000bd90100000,0x000000bd90200000)]
  0x000000bd8f2d7800 JavaThread "Sweeper thread" daemon [_thread_blocked, id=3636, stack(0x000000bd90200000,0x000000bd90300000)]
  0x000000bd9042d000 JavaThread "Common-Cleaner" daemon [_thread_blocked, id=12148, stack(0x000000bd90700000,0x000000bd90800000)]
  0x000000bd90497000 JavaThread "Service Thread" daemon [_thread_blocked, id=4944, stack(0x000000bd90800000,0x000000bd90900000)]
  0x000000bd915d7000 JavaThread "Daemon health stats" [_thread_blocked, id=11864, stack(0x000000bd927d0000,0x000000bd928d0000)]
  0x000000bd91e85800 JavaThread "Incoming local TCP Connector on port 50993" [_thread_in_native, id=8348, stack(0x000000bd92ed0000,0x000000bd92fd0000)]
  0x000000bd91c81800 JavaThread "Daemon periodic checks" [_thread_blocked, id=10520, stack(0x000000bd930c0000,0x000000bd931c0000)]
  0x000000bd9152f000 JavaThread "Daemon" [_thread_blocked, id=11596, stack(0x000000bd933c0000,0x000000bd934c0000)]
  0x000000bd920de800 JavaThread "Handler for socket connection from /127.0.0.1:50993 to /127.0.0.1:50994" [_thread_in_native, id=1828, stack(0x000000bd934c0000,0x000000bd935c0000)]
  0x000000bd920df800 JavaThread "Cancel handler" [_thread_blocked, id=6108, stack(0x000000bd935c0000,0x000000bd936c0000)]
  0x000000bd92130000 JavaThread "Daemon worker" [_thread_in_vm, id=11204, stack(0x000000bd936c0000,0x000000bd937c0000)]
  0x000000bd91a0c000 JavaThread "Asynchronous log dispatcher for DefaultDaemonConnection: socket connection from /127.0.0.1:50993 to /127.0.0.1:50994" [_thread_blocked, id=4816, stack(0x000000bd937c0000,0x000000bd938c0000)]
  0x000000bd92107000 JavaThread "Stdin handler" [_thread_blocked, id=11620, stack(0x000000bd938c0000,0x000000bd939c0000)]
  0x000000bd92107800 JavaThread "Thread-8" [_thread_blocked, id=1692, stack(0x000000bd93ac0000,0x000000bd93bc0000)]
  0x000000bd922bb800 JavaThread "Cache worker for file hash cache (C:\Users\alexey\.gradle\caches\5.1\fileHashes)" [_thread_blocked, id=11928, stack(0x000000bd93dc0000,0x000000bd93ec0000)]
  0x000000bd922bc000 JavaThread "File lock request listener" [_thread_in_native, id=7772, stack(0x000000bd93ec0000,0x000000bd93fc0000)]
  0x000000bd922bd000 JavaThread "Cache worker for journal cache (C:\Users\alexey\.gradle\caches\journal-1)" [_thread_blocked, id=4008, stack(0x000000bd93fc0000,0x000000bd940c0000)]
  0x000000bd922ba800 JavaThread "Cache worker for file hash cache (C:\Users\alexey\Desktop\Family-tracking\WebApplication\.gradle\5.1\fileHashes)" [_thread_blocked, id=12064, stack(0x000000bd95190000,0x000000bd95290000)]
  0x000000bd94254800 JavaThread "C2 CompilerThread1" daemon [_thread_in_native, id=7672, stack(0x000000bd95090000,0x000000bd95190000)]

Other Threads:
  0x000000bd8f2a9800 VMThread "VM Thread" [stack: 0x000000bd8fb00000,0x000000bd8fc00000] [id=4412]
  0x000000bd904c1000 WatcherThread [stack: 0x000000bd90900000,0x000000bd90a00000] [id=520]
  0x000000bdf427f800 GCTaskThread "GC Thread#0" [stack: 0x000000bdf3c00000,0x000000bdf3d00000] [id=3252]
  0x000000bd90ed9000 GCTaskThread "GC Thread#1" [stack: 0x000000bd91400000,0x000000bd91500000] [id=12024]
  0x000000bd91a35000 GCTaskThread "GC Thread#2" [stack: 0x000000bd924d0000,0x000000bd925d0000] [id=11968]
  0x000000bd91efb800 GCTaskThread "GC Thread#3" [stack: 0x000000bd92ad0000,0x000000bd92bd0000] [id=11396]
  0x000000bdf4290800 ConcurrentGCThread "G1 Main Marker" [stack: 0x000000bdfd870000,0x000000bdfd970000] [id=11716]
  0x000000bdf4291800 ConcurrentGCThread "G1 Conc#0" [stack: 0x000000bdfd970000,0x000000bdfda70000] [id=6092]
  0x000000bdf430a800 ConcurrentGCThread "G1 Refine#0" [stack: 0x000000bdffeb0000,0x000000bdfffb0000] [id=12272]
  0x000000bdf430b800 ConcurrentGCThread "G1 Young RemSet Sampling" [stack: 0x000000bd8f000000,0x000000bd8f100000] [id=3004]

Threads with active compile tasks:
C2 CompilerThread02442   !   4       java.net.URLClassLoader$1::run (63 bytes)
C2 CompilerThread12348       4       java.net.URLClassLoader$1::run (5 bytes)

VM state:not at safepoint (normal execution)

VM Mutex/Monitor currently owned by a thread: None

Heap address: 0x00000000e0000000, size: 512 MB, Compressed Oops mode: 32-bit
Narrow klass base: 0x0000000000000000, Narrow klass shift: 3
Compressed class space size: 260046848 Address: 0x0000000100000000

Heap:
 garbage-first heap   total 118784K, used 34998K [0x00000000e0000000, 0x0000000100000000)
  region size 1024K, 15 young (15360K), 6 survivors (6144K)
 Metaspace       used 29705K, capacity 30327K, committed 30592K, reserved 280576K
  class space    used 3716K, capacity 3909K, committed 3968K, reserved 253952K
Heap Regions: E=young(eden), S=young(survivor), O=old, HS=humongous(starts), HC=humongous(continues), CS=collection set, F=free, A=archive, TAMS=top-at-mark-start (previous, next)
|   0|0x00000000e0000000, 0x00000000e0100000, 0x00000000e0100000|100%|HS|  |TAMS 0x00000000e0100000, 0x00000000e0000000| Complete 
|   1|0x00000000e0100000, 0x00000000e0200000, 0x00000000e0200000|100%|HS|  |TAMS 0x00000000e0200000, 0x00000000e0100000| Complete 
|   2|0x00000000e0200000, 0x00000000e0300000, 0x00000000e0300000|100%|HC|  |TAMS 0x00000000e0300000, 0x00000000e0200000| Complete 
|   3|0x00000000e0300000, 0x00000000e0400000, 0x00000000e0400000|100%| O|  |TAMS 0x00000000e0400000, 0x00000000e0300000| Untracked 
|   4|0x00000000e0400000, 0x00000000e0500000, 0x00000000e0500000|100%| O|  |TAMS 0x00000000e0500000, 0x00000000e0400000| Untracked 
|   5|0x00000000e0500000, 0x00000000e0600000, 0x00000000e0600000|100%| O|  |TAMS 0x00000000e0600000, 0x00000000e0500000| Untracked 
|   6|0x00000000e0600000, 0x00000000e0700000, 0x00000000e0700000|100%| O|  |TAMS 0x00000000e0700000, 0x00000000e0600000| Untracked 
|   7|0x00000000e0700000, 0x00000000e0800000, 0x00000000e0800000|100%| O|  |TAMS 0x00000000e0800000, 0x00000000e0700000| Untracked 
|   8|0x00000000e0800000, 0x00000000e0900000, 0x00000000e0900000|100%| O|  |TAMS 0x00000000e0900000, 0x00000000e0800000| Untracked 
|   9|0x00000000e0900000, 0x00000000e0a00000, 0x00000000e0a00000|100%| O|  |TAMS 0x00000000e0a00000, 0x00000000e0900000| Untracked 
|  10|0x00000000e0a00000, 0x00000000e0b00000, 0x00000000e0b00000|100%| O|  |TAMS 0x00000000e0b00000, 0x00000000e0a00000| Untracked 
|  11|0x00000000e0b00000, 0x00000000e0c00000, 0x00000000e0c00000|100%| O|  |TAMS 0x00000000e0c00000, 0x00000000e0b00000| Untracked 
|  12|0x00000000e0c00000, 0x00000000e0c86c00, 0x00000000e0d00000| 52%| O|  |TAMS 0x00000000e0c86c00, 0x00000000e0c00000| Untracked 
|  13|0x00000000e0d00000, 0x00000000e0e00000, 0x00000000e0e00000|100%|HS|  |TAMS 0x00000000e0d00000, 0x00000000e0d00000| Complete 
|  14|0x00000000e0e00000, 0x00000000e0f00000, 0x00000000e0f00000|100%|HC|  |TAMS 0x00000000e0e00000, 0x00000000e0e00000| Complete 
|  15|0x00000000e0f00000, 0x00000000e1000000, 0x00000000e1000000|100%|HS|  |TAMS 0x00000000e0f00000, 0x00000000e0f00000| Complete 
|  16|0x00000000e1000000, 0x00000000e1100000, 0x00000000e1100000|100%|HC|  |TAMS 0x00000000e1000000, 0x00000000e1000000| Complete 
|  17|0x00000000e1100000, 0x00000000e1200000, 0x00000000e1200000|100%|HC|  |TAMS 0x00000000e1100000, 0x00000000e1100000| Complete 
|  18|0x00000000e1200000, 0x00000000e1300000, 0x00000000e1300000|100%|HS|  |TAMS 0x00000000e1200000, 0x00000000e1200000| Complete 
|  19|0x00000000e1300000, 0x00000000e1400000, 0x00000000e1400000|100%|HC|  |TAMS 0x00000000e1300000, 0x00000000e1300000| Complete 
|  20|0x00000000e1400000, 0x00000000e1500000, 0x00000000e1500000|100%|HC|  |TAMS 0x00000000e1400000, 0x00000000e1400000| Complete 
|  21|0x00000000e1500000, 0x00000000e1500000, 0x00000000e1600000|  0%| F|  |TAMS 0x00000000e1500000, 0x00000000e1500000| Untracked 
|  22|0x00000000e1600000, 0x00000000e1600000, 0x00000000e1700000|  0%| F|  |TAMS 0x00000000e1600000, 0x00000000e1600000| Untracked 
|  23|0x00000000e1700000, 0x00000000e1700000, 0x00000000e1800000|  0%| F|  |TAMS 0x00000000e1700000, 0x00000000e1700000| Untracked 
|  24|0x00000000e1800000, 0x00000000e1800000, 0x00000000e1900000|  0%| F|  |TAMS 0x00000000e1800000, 0x00000000e1800000| Untracked 
|  25|0x00000000e1900000, 0x00000000e1900000, 0x00000000e1a00000|  0%| F|  |TAMS 0x00000000e1900000, 0x00000000e1900000| Untracked 
|  26|0x00000000e1a00000, 0x00000000e1a00000, 0x00000000e1b00000|  0%| F|  |TAMS 0x00000000e1a00000, 0x00000000e1a00000| Untracked 
|  27|0x00000000e1b00000, 0x00000000e1b00000, 0x00000000e1c00000|  0%| F|  |TAMS 0x00000000e1b00000, 0x00000000e1b00000| Untracked 
|  28|0x00000000e1c00000, 0x00000000e1c00000, 0x00000000e1d00000|  0%| F|  |TAMS 0x00000000e1c00000, 0x00000000e1c00000| Untracked 
|  29|0x00000000e1d00000, 0x00000000e1d00000, 0x00000000e1e00000|  0%| F|  |TAMS 0x00000000e1d00000, 0x00000000e1d00000| Untracked 
|  30|0x00000000e1e00000, 0x00000000e1e00000, 0x00000000e1f00000|  0%| F|  |TAMS 0x00000000e1e00000, 0x00000000e1e00000| Untracked 
|  31|0x00000000e1f00000, 0x00000000e1f00000, 0x00000000e2000000|  0%| F|  |TAMS 0x00000000e1f00000, 0x00000000e1f00000| Untracked 
|  32|0x00000000e2000000, 0x00000000e2000000, 0x00000000e2100000|  0%| F|  |TAMS 0x00000000e2000000, 0x00000000e2000000| Untracked 
|  33|0x00000000e2100000, 0x00000000e2100000, 0x00000000e2200000|  0%| F|  |TAMS 0x00000000e2100000, 0x00000000e2100000| Untracked 
|  34|0x00000000e2200000, 0x00000000e2200000, 0x00000000e2300000|  0%| F|  |TAMS 0x00000000e2200000, 0x00000000e2200000| Untracked 
|  35|0x00000000e2300000, 0x00000000e2300000, 0x00000000e2400000|  0%| F|  |TAMS 0x00000000e2300000, 0x00000000e2300000| Untracked 
|  36|0x00000000e2400000, 0x00000000e2400000, 0x00000000e2500000|  0%| F|  |TAMS 0x00000000e2400000, 0x00000000e2400000| Untracked 
|  37|0x00000000e2500000, 0x00000000e2500000, 0x00000000e2600000|  0%| F|  |TAMS 0x00000000e2500000, 0x00000000e2500000| Untracked 
|  38|0x00000000e2600000, 0x00000000e2600000, 0x00000000e2700000|  0%| F|  |TAMS 0x00000000e2600000, 0x00000000e2600000| Untracked 
|  39|0x00000000e2700000, 0x00000000e2700000, 0x00000000e2800000|  0%| F|  |TAMS 0x00000000e2700000, 0x00000000e2700000| Untracked 
|  40|0x00000000e2800000, 0x00000000e2800000, 0x00000000e2900000|  0%| F|  |TAMS 0x00000000e2800000, 0x00000000e2800000| Untracked 
|  41|0x00000000e2900000, 0x00000000e2900000, 0x00000000e2a00000|  0%| F|  |TAMS 0x00000000e2900000, 0x00000000e2900000| Untracked 
|  42|0x00000000e2a00000, 0x00000000e2a00000, 0x00000000e2b00000|  0%| F|  |TAMS 0x00000000e2a00000, 0x00000000e2a00000| Untracked 
|  43|0x00000000e2b00000, 0x00000000e2b00000, 0x00000000e2c00000|  0%| F|  |TAMS 0x00000000e2b00000, 0x00000000e2b00000| Untracked 
|  44|0x00000000e2c00000, 0x00000000e2c00000, 0x00000000e2d00000|  0%| F|  |TAMS 0x00000000e2c00000, 0x00000000e2c00000| Untracked 
|  45|0x00000000e2d00000, 0x00000000e2d00000, 0x00000000e2e00000|  0%| F|  |TAMS 0x00000000e2d00000, 0x00000000e2d00000| Untracked 
|  46|0x00000000e2e00000, 0x00000000e2e00000, 0x00000000e2f00000|  0%| F|  |TAMS 0x00000000e2e00000, 0x00000000e2e00000| Untracked 
|  47|0x00000000e2f00000, 0x00000000e2f00000, 0x00000000e3000000|  0%| F|  |TAMS 0x00000000e2f00000, 0x00000000e2f00000| Untracked 
|  48|0x00000000e3000000, 0x00000000e3000000, 0x00000000e3100000|  0%| F|  |TAMS 0x00000000e3000000, 0x00000000e3000000| Untracked 
|  49|0x00000000e3100000, 0x00000000e3100000, 0x00000000e3200000|  0%| F|  |TAMS 0x00000000e3100000, 0x00000000e3100000| Untracked 
|  50|0x00000000e3200000, 0x00000000e3200000, 0x00000000e3300000|  0%| F|  |TAMS 0x00000000e3200000, 0x00000000e3200000| Untracked 
|  51|0x00000000e3300000, 0x00000000e3300000, 0x00000000e3400000|  0%| F|  |TAMS 0x00000000e3300000, 0x00000000e3300000| Untracked 
|  52|0x00000000e3400000, 0x00000000e3400000, 0x00000000e3500000|  0%| F|  |TAMS 0x00000000e3400000, 0x00000000e3400000| Untracked 
|  53|0x00000000e3500000, 0x00000000e3500000, 0x00000000e3600000|  0%| F|  |TAMS 0x00000000e3500000, 0x00000000e3500000| Untracked 
|  54|0x00000000e3600000, 0x00000000e3600000, 0x00000000e3700000|  0%| F|  |TAMS 0x00000000e3600000, 0x00000000e3600000| Untracked 
|  55|0x00000000e3700000, 0x00000000e3700000, 0x00000000e3800000|  0%| F|  |TAMS 0x00000000e3700000, 0x00000000e3700000| Untracked 
|  56|0x00000000e3800000, 0x00000000e3800000, 0x00000000e3900000|  0%| F|  |TAMS 0x00000000e3800000, 0x00000000e3800000| Untracked 
|  57|0x00000000e3900000, 0x00000000e3900000, 0x00000000e3a00000|  0%| F|  |TAMS 0x00000000e3900000, 0x00000000e3900000| Untracked 
|  58|0x00000000e3a00000, 0x00000000e3a00000, 0x00000000e3b00000|  0%| F|  |TAMS 0x00000000e3a00000, 0x00000000e3a00000| Untracked 
|  59|0x00000000e3b00000, 0x00000000e3b00000, 0x00000000e3c00000|  0%| F|  |TAMS 0x00000000e3b00000, 0x00000000e3b00000| Untracked 
|  60|0x00000000e3c00000, 0x00000000e3c00000, 0x00000000e3d00000|  0%| F|  |TAMS 0x00000000e3c00000, 0x00000000e3c00000| Untracked 
|  61|0x00000000e3d00000, 0x00000000e3da6f20, 0x00000000e3e00000| 65%| S|CS|TAMS 0x00000000e3d00000, 0x00000000e3d00000| Complete 
|  62|0x00000000e3e00000, 0x00000000e3f00000, 0x00000000e3f00000|100%| S|CS|TAMS 0x00000000e3e00000, 0x00000000e3e00000| Complete 
|  63|0x00000000e3f00000, 0x00000000e4000000, 0x00000000e4000000|100%| S|CS|TAMS 0x00000000e3f00000, 0x00000000e3f00000| Complete 
|  64|0x00000000e4000000, 0x00000000e4100000, 0x00000000e4100000|100%| S|CS|TAMS 0x00000000e4000000, 0x00000000e4000000| Complete 
|  65|0x00000000e4100000, 0x00000000e4200000, 0x00000000e4200000|100%| S|CS|TAMS 0x00000000e4100000, 0x00000000e4100000| Complete 
|  66|0x00000000e4200000, 0x00000000e4300000, 0x00000000e4300000|100%| S|CS|TAMS 0x00000000e4200000, 0x00000000e4200000| Complete 
|  67|0x00000000e4300000, 0x00000000e4300000, 0x00000000e4400000|  0%| F|  |TAMS 0x00000000e4300000, 0x00000000e4300000| Untracked 
|  68|0x00000000e4400000, 0x00000000e4400000, 0x00000000e4500000|  0%| F|  |TAMS 0x00000000e4400000, 0x00000000e4400000| Untracked 
|  69|0x00000000e4500000, 0x00000000e4500000, 0x00000000e4600000|  0%| F|  |TAMS 0x00000000e4500000, 0x00000000e4500000| Untracked 
|  70|0x00000000e4600000, 0x00000000e4600000, 0x00000000e4700000|  0%| F|  |TAMS 0x00000000e4600000, 0x00000000e4600000| Untracked 
|  71|0x00000000e4700000, 0x00000000e4700000, 0x00000000e4800000|  0%| F|  |TAMS 0x00000000e4700000, 0x00000000e4700000| Untracked 
|  72|0x00000000e4800000, 0x00000000e4800000, 0x00000000e4900000|  0%| F|  |TAMS 0x00000000e4800000, 0x00000000e4800000| Untracked 
|  73|0x00000000e4900000, 0x00000000e4900000, 0x00000000e4a00000|  0%| F|  |TAMS 0x00000000e4900000, 0x00000000e4900000| Untracked 
|  74|0x00000000e4a00000, 0x00000000e4a00000, 0x00000000e4b00000|  0%| F|  |TAMS 0x00000000e4a00000, 0x00000000e4a00000| Untracked 
|  75|0x00000000e4b00000, 0x00000000e4b00000, 0x00000000e4c00000|  0%| F|  |TAMS 0x00000000e4b00000, 0x00000000e4b00000| Untracked 
|  76|0x00000000e4c00000, 0x00000000e4c00000, 0x00000000e4d00000|  0%| F|  |TAMS 0x00000000e4c00000, 0x00000000e4c00000| Untracked 
|  77|0x00000000e4d00000, 0x00000000e4d00000, 0x00000000e4e00000|  0%| F|  |TAMS 0x00000000e4d00000, 0x00000000e4d00000| Untracked 
|  78|0x00000000e4e00000, 0x00000000e4e00000, 0x00000000e4f00000|  0%| F|  |TAMS 0x00000000e4e00000, 0x00000000e4e00000| Untracked 
|  79|0x00000000e4f00000, 0x00000000e4f00000, 0x00000000e5000000|  0%| F|  |TAMS 0x00000000e4f00000, 0x00000000e4f00000| Untracked 
|  80|0x00000000e5000000, 0x00000000e5000000, 0x00000000e5100000|  0%| F|  |TAMS 0x00000000e5000000, 0x00000000e5000000| Untracked 
|  81|0x00000000e5100000, 0x00000000e5100000, 0x00000000e5200000|  0%| F|  |TAMS 0x00000000e5100000, 0x00000000e5100000| Untracked 
|  82|0x00000000e5200000, 0x00000000e5200000, 0x00000000e5300000|  0%| F|  |TAMS 0x00000000e5200000, 0x00000000e5200000| Untracked 
|  83|0x00000000e5300000, 0x00000000e5300000, 0x00000000e5400000|  0%| F|  |TAMS 0x00000000e5300000, 0x00000000e5300000| Untracked 
|  84|0x00000000e5400000, 0x00000000e5400000, 0x00000000e5500000|  0%| F|  |TAMS 0x00000000e5400000, 0x00000000e5400000| Untracked 
|  85|0x00000000e5500000, 0x00000000e5500000, 0x00000000e5600000|  0%| F|  |TAMS 0x00000000e5500000, 0x00000000e5500000| Untracked 
|  86|0x00000000e5600000, 0x00000000e5600000, 0x00000000e5700000|  0%| F|  |TAMS 0x00000000e5600000, 0x00000000e5600000| Untracked 
|  87|0x00000000e5700000, 0x00000000e5700000, 0x00000000e5800000|  0%| F|  |TAMS 0x00000000e5700000, 0x00000000e5700000| Untracked 
|  88|0x00000000e5800000, 0x00000000e5800000, 0x00000000e5900000|  0%| F|  |TAMS 0x00000000e5800000, 0x00000000e5800000| Untracked 
|  89|0x00000000e5900000, 0x00000000e5900000, 0x00000000e5a00000|  0%| F|  |TAMS 0x00000000e5900000, 0x00000000e5900000| Untracked 
|  90|0x00000000e5a00000, 0x00000000e5a00000, 0x00000000e5b00000|  0%| F|  |TAMS 0x00000000e5a00000, 0x00000000e5a00000| Untracked 
|  91|0x00000000e5b00000, 0x00000000e5b00000, 0x00000000e5c00000|  0%| F|  |TAMS 0x00000000e5b00000, 0x00000000e5b00000| Untracked 
|  92|0x00000000e5c00000, 0x00000000e5c00000, 0x00000000e5d00000|  0%| F|  |TAMS 0x00000000e5c00000, 0x00000000e5c00000| Untracked 
|  93|0x00000000e5d00000, 0x00000000e5d00000, 0x00000000e5e00000|  0%| F|  |TAMS 0x00000000e5d00000, 0x00000000e5d00000| Untracked 
|  94|0x00000000e5e00000, 0x00000000e5e00000, 0x00000000e5f00000|  0%| F|  |TAMS 0x00000000e5e00000, 0x00000000e5e00000| Untracked 
|  95|0x00000000e5f00000, 0x00000000e5f00000, 0x00000000e6000000|  0%| F|  |TAMS 0x00000000e5f00000, 0x00000000e5f00000| Untracked 
|  96|0x00000000e6000000, 0x00000000e6000000, 0x00000000e6100000|  0%| F|  |TAMS 0x00000000e6000000, 0x00000000e6000000| Untracked 
|  97|0x00000000e6100000, 0x00000000e6100000, 0x00000000e6200000|  0%| F|  |TAMS 0x00000000e6100000, 0x00000000e6100000| Untracked 
|  98|0x00000000e6200000, 0x00000000e6200000, 0x00000000e6300000|  0%| F|  |TAMS 0x00000000e6200000, 0x00000000e6200000| Untracked 
|  99|0x00000000e6300000, 0x00000000e6300000, 0x00000000e6400000|  0%| F|  |TAMS 0x00000000e6300000, 0x00000000e6300000| Untracked 
| 100|0x00000000e6400000, 0x00000000e6400000, 0x00000000e6500000|  0%| F|  |TAMS 0x00000000e6400000, 0x00000000e6400000| Untracked 
| 101|0x00000000e6500000, 0x00000000e6500000, 0x00000000e6600000|  0%| F|  |TAMS 0x00000000e6500000, 0x00000000e6500000| Untracked 
| 102|0x00000000e6600000, 0x00000000e6600000, 0x00000000e6700000|  0%| F|  |TAMS 0x00000000e6600000, 0x00000000e6600000| Untracked 
| 103|0x00000000e6700000, 0x00000000e6700000, 0x00000000e6800000|  0%| F|  |TAMS 0x00000000e6700000, 0x00000000e6700000| Untracked 
| 104|0x00000000e6800000, 0x00000000e6800000, 0x00000000e6900000|  0%| F|  |TAMS 0x00000000e6800000, 0x00000000e6800000| Untracked 
| 105|0x00000000e6900000, 0x00000000e6900000, 0x00000000e6a00000|  0%| F|  |TAMS 0x00000000e6900000, 0x00000000e6900000| Untracked 
| 106|0x00000000e6a00000, 0x00000000e6a00000, 0x00000000e6b00000|  0%| F|  |TAMS 0x00000000e6a00000, 0x00000000e6a00000| Untracked 
| 107|0x00000000e6b00000, 0x00000000e6bb94c8, 0x00000000e6c00000| 72%| E|  |TAMS 0x00000000e6b00000, 0x00000000e6b00000| Complete 
| 108|0x00000000e6c00000, 0x00000000e6d00000, 0x00000000e6d00000|100%| E|CS|TAMS 0x00000000e6c00000, 0x00000000e6c00000| Complete 
| 109|0x00000000e6d00000, 0x00000000e6e00000, 0x00000000e6e00000|100%| E|CS|TAMS 0x00000000e6d00000, 0x00000000e6d00000| Complete 
| 110|0x00000000e6e00000, 0x00000000e6f00000, 0x00000000e6f00000|100%| E|CS|TAMS 0x00000000e6e00000, 0x00000000e6e00000| Complete 
| 111|0x00000000e6f00000, 0x00000000e7000000, 0x00000000e7000000|100%| E|CS|TAMS 0x00000000e6f00000, 0x00000000e6f00000| Complete 
| 112|0x00000000e7000000, 0x00000000e7100000, 0x00000000e7100000|100%| E|CS|TAMS 0x00000000e7000000, 0x00000000e7000000| Complete 
| 113|0x00000000e7100000, 0x00000000e7200000, 0x00000000e7200000|100%| E|CS|TAMS 0x00000000e7100000, 0x00000000e7100000| Complete 
| 114|0x00000000e7200000, 0x00000000e7300000, 0x00000000e7300000|100%| E|CS|TAMS 0x00000000e7200000, 0x00000000e7200000| Complete 
| 115|0x00000000e7300000, 0x00000000e7400000, 0x00000000e7400000|100%| E|CS|TAMS 0x00000000e7300000, 0x00000000e7300000| Complete 

Card table byte_map: [0x000000bdfc670000,0x000000bdfc770000] _byte_map_base: 0x000000bdfbf70000

Marking Bits (Prev, Next): (CMBitMap*) 0x000000bdf428d8c0, (CMBitMap*) 0x000000bdf428d888
 Prev Bits: [0x000000bdfd070000, 0x000000bdfd870000)
 Next Bits: [0x000000bdfc870000, 0x000000bdfd070000)

Polling page: 0x000000bdf2030000

Metaspace:

Usage:
  Non-class:     25.99 MB capacity,    25.57 MB ( 98%) used,   380.05 KB (  1%) free+waste,    45.00 KB ( <1%) overhead. 
      Class:      3.82 MB capacity,     3.63 MB ( 95%) used,   172.03 KB (  4%) free+waste,    20.88 KB ( <1%) overhead. 
       Both:     29.80 MB capacity,    29.20 MB ( 98%) used,   552.08 KB (  2%) free+waste,    65.88 KB ( <1%) overhead. 

Virtual space:
  Non-class space:       28.00 MB reserved,      26.25 MB ( 94%) committed 
      Class space:      248.00 MB reserved,       3.88 MB (  2%) committed 
             Both:      276.00 MB reserved,      30.13 MB ( 11%) committed 

Chunk freelists:
   Non-Class:  1.75 KB
       Class:  3.38 KB
        Both:  5.13 KB

CodeHeap 'non-profiled nmethods': size=120064Kb used=1082Kb max_used=1082Kb free=118981Kb
 bounds [0x000000bd87ac0000, 0x000000bd87d30000, 0x000000bd8f000000]
CodeHeap 'profiled nmethods': size=120000Kb used=5349Kb max_used=5349Kb free=114650Kb
 bounds [0x000000bd80590000, 0x000000bd80ad0000, 0x000000bd87ac0000]
CodeHeap 'non-nmethods': size=5696Kb used=1493Kb max_used=1504Kb free=4203Kb
 bounds [0x000000bd80000000, 0x000000bd80270000, 0x000000bd80590000]
 total_blobs=3740 nmethods=2334 adapters=501
 compilation: enabled
              stopped_count=0, restarted_count=0
 full_count=0

Compilation events (10 events):
Event: 8.374 Thread 0x000000bd8f2d5000 2510       3       java.util.HashMap$KeyIterator::<init> (11 bytes)
Event: 8.374 Thread 0x000000bd8f2d5000 nmethod 2510 0x000000bd80ab5a10 code [0x000000bd80ab5be0, 0x000000bd80ab5dd0]
Event: 8.374 Thread 0x000000bd8f2d5000 2511       3       org.codehaus.groovy.util.LockableObject::<init> (5 bytes)
Event: 8.374 Thread 0x000000bd8f2d5000 nmethod 2511 0x000000bd80ab5e90 code [0x000000bd80ab6060, 0x000000bd80ab62d8]
Event: 8.374 Thread 0x000000bd8f2d5000 2512       3       org.codehaus.groovy.util.LazyReference::<init> (17 bytes)
Event: 8.374 Thread 0x000000bd8f2d5000 nmethod 2512 0x000000bd80ab6410 code [0x000000bd80ab65e0, 0x000000bd80ab6978]
Event: 8.377 Thread 0x000000bd8f2d5000 2513       3       org.codehaus.groovy.util.LazyReference::get (44 bytes)
Event: 8.377 Thread 0x000000bd8f2d5000 nmethod 2513 0x000000bd80ab6a90 code [0x000000bd80ab6c80, 0x000000bd80ab7090]
Event: 8.377 Thread 0x000000bd8f2d5000 2514       3       java.util.concurrent.locks.AbstractQueuedSynchronizer::enq (37 bytes)
Event: 8.381 Thread 0x000000bd8f2d5000 nmethod 2514 0x000000bd80ab7210 code [0x000000bd80ab7640, 0x000000bd80ab93b0]

GC Heap History (10 events):
Event: 1.693 GC heap before
{Heap before GC invocations=0 (full 0):
 garbage-first heap   total 118784K, used 16384K [0x00000000e0000000, 0x0000000100000000)
  region size 1024K, 14 young (14336K), 0 survivors (0K)
 Metaspace       used 9558K, capacity 9838K, committed 10112K, reserved 264192K
  class space    used 972K, capacity 1026K, committed 1152K, reserved 253952K
}
Event: 1.702 GC heap after
{Heap after GC invocations=1 (full 0):
 garbage-first heap   total 118784K, used 7241K [0x00000000e0000000, 0x0000000100000000)
  region size 1024K, 2 young (2048K), 2 survivors (2048K)
 Metaspace       used 9558K, capacity 9838K, committed 10112K, reserved 264192K
  class space    used 972K, capacity 1026K, committed 1152K, reserved 253952K
}
Event: 2.095 GC heap before
{Heap before GC invocations=1 (full 0):
 garbage-first heap   total 118784K, used 18505K [0x00000000e0000000, 0x0000000100000000)
  region size 1024K, 13 young (13312K), 2 survivors (2048K)
 Metaspace       used 10615K, capacity 10916K, committed 11008K, reserved 264192K
  class space    used 1115K, capacity 1193K, committed 1280K, reserved 253952K
}
Event: 2.101 GC heap after
{Heap after GC invocations=2 (full 0):
 garbage-first heap   total 118784K, used 7719K [0x00000000e0000000, 0x0000000100000000)
  region size 1024K, 1 young (1024K), 1 survivors (1024K)
 Metaspace       used 10615K, capacity 10916K, committed 11008K, reserved 264192K
  class space    used 1115K, capacity 1193K, committed 1280K, reserved 253952K
}
Event: 3.116 GC heap before
{Heap before GC invocations=2 (full 0):
 garbage-first heap   total 118784K, used 40487K [0x00000000e0000000, 0x0000000100000000)
  region size 1024K, 33 young (33792K), 1 survivors (1024K)
 Metaspace       used 13872K, capacity 14206K, committed 14336K, reserved 268288K
  class space    used 1589K, capacity 1676K, committed 1792K, reserved 253952K
}
Event: 3.125 GC heap after
{Heap after GC invocations=3 (full 0):
 garbage-first heap   total 118784K, used 12766K [0x00000000e0000000, 0x0000000100000000)
  region size 1024K, 5 young (5120K), 5 survivors (5120K)
 Metaspace       used 13872K, capacity 14206K, committed 14336K, reserved 268288K
  class space    used 1589K, capacity 1676K, committed 1792K, reserved 253952K
}
Event: 6.064 GC heap before
{Heap before GC invocations=3 (full 0):
 garbage-first heap   total 118784K, used 51678K [0x00000000e0000000, 0x0000000100000000)
  region size 1024K, 44 young (45056K), 5 survivors (5120K)
 Metaspace       used 20704K, capacity 21202K, committed 21248K, reserved 272384K
  class space    used 2600K, capacity 2781K, committed 2816K, reserved 253952K
}
Event: 6.081 GC heap after
{Heap after GC invocations=4 (full 0):
 garbage-first heap   total 118784K, used 15346K [0x00000000e0000000, 0x0000000100000000)
  region size 1024K, 3 young (3072K), 3 survivors (3072K)
 Metaspace       used 20704K, capacity 21202K, committed 21248K, reserved 272384K
  class space    used 2600K, capacity 2781K, committed 2816K, reserved 253952K
}
Event: 8.043 GC heap before
{Heap before GC invocations=5 (full 0):
 garbage-first heap   total 118784K, used 70642K [0x00000000e0000000, 0x0000000100000000)
  region size 1024K, 49 young (50176K), 3 survivors (3072K)
 Metaspace       used 28234K, capacity 28860K, committed 29184K, reserved 280576K
  class space    used 3561K, capacity 3741K, committed 3840K, reserved 253952K
}
Event: 8.054 GC heap after
{Heap after GC invocations=6 (full 0):
 garbage-first heap   total 118784K, used 26806K [0x00000000e0000000, 0x0000000100000000)
  region size 1024K, 6 young (6144K), 6 survivors (6144K)
 Metaspace       used 28234K, capacity 28860K, committed 29184K, reserved 280576K
  class space    used 3561K, capacity 3741K, committed 3840K, reserved 253952K
}

Deoptimization events (10 events):
Event: 6.653 Thread 0x000000bd92130000 Uncommon trap: reason=unstable_if action=reinterpret pc=0x000000bd87b158ac method=java.net.URI.match(CJJ)Z @ 19 c2
Event: 6.653 Thread 0x000000bd92130000 Uncommon trap: reason=unstable_if action=reinterpret pc=0x000000bd87ad8e68 method=java.net.URI.match(CJJ)Z @ 19 c2
Event: 6.809 Thread 0x000000bd92130000 Uncommon trap: reason=bimorphic_or_optimized_type_check action=maybe_recompile pc=0x000000bd87b705b8 method=java.lang.ClassLoader.loadClass(Ljava/lang/String;Z)Ljava/lang/Class; @ 38 c2
Event: 6.831 Thread 0x000000bd92130000 Uncommon trap: reason=bimorphic_or_optimized_type_check action=maybe_recompile pc=0x000000bd87b705b8 method=java.lang.ClassLoader.loadClass(Ljava/lang/String;Z)Ljava/lang/Class; @ 38 c2
Event: 6.832 Thread 0x000000bd92130000 Uncommon trap: reason=bimorphic_or_optimized_type_check action=maybe_recompile pc=0x000000bd87b705b8 method=java.lang.ClassLoader.loadClass(Ljava/lang/String;Z)Ljava/lang/Class; @ 38 c2
Event: 6.833 Thread 0x000000bd92130000 Uncommon trap: reason=bimorphic_or_optimized_type_check action=maybe_recompile pc=0x000000bd87b705b8 method=java.lang.ClassLoader.loadClass(Ljava/lang/String;Z)Ljava/lang/Class; @ 38 c2
Event: 7.240 Thread 0x000000bd92130000 Uncommon trap: reason=unstable_if action=reinterpret pc=0x000000bd87b598b4 method=java.lang.AbstractStringBuilder.append(Ljava/lang/String;)Ljava/lang/AbstractStringBuilder; @ 1 c2
Event: 7.240 Thread 0x000000bd92130000 Uncommon trap: reason=unstable_if action=reinterpret pc=0x000000bd87b5841c method=java.lang.AbstractStringBuilder.append(Ljava/lang/String;)Ljava/lang/AbstractStringBuilder; @ 1 c2
Event: 7.824 Thread 0x000000bd92130000 Uncommon trap: reason=unstable_if action=reinterpret pc=0x000000bd87b162d4 method=java.util.LinkedHashMap.afterNodeInsertion(Z)V @ 1 c2
Event: 7.831 Thread 0x000000bd92130000 Uncommon trap: reason=unstable_if action=reinterpret pc=0x000000bd87b26ef0 method=java.util.concurrent.ConcurrentHashMap.get(Ljava/lang/Object;)Ljava/lang/Object; @ 76 c2

Classes redefined (0 events):
No events

Internal exceptions (10 events):
Event: 7.120 Thread 0x000000bd92130000 Exception <a 'java/lang/NoSuchMethodError'{0x00000000e5ec6010}: <clinit>> (0x00000000e5ec6010) thrown at [t:/workspace/open/src/hotspot/share/prims/jni.cpp, line 1364]
Event: 7.122 Thread 0x000000bd92130000 Exception <a 'java/lang/NoSuchMethodError'{0x00000000e5ecf820}: <clinit>> (0x00000000e5ecf820) thrown at [t:/workspace/open/src/hotspot/share/prims/jni.cpp, line 1364]
Event: 7.127 Thread 0x000000bd92130000 Exception <a 'java/lang/NoSuchMethodError'{0x00000000e5ed92f8}: <clinit>> (0x00000000e5ed92f8) thrown at [t:/workspace/open/src/hotspot/share/prims/jni.cpp, line 1364]
Event: 7.144 Thread 0x000000bd92130000 Exception <a 'java/lang/NoSuchMethodError'{0x00000000e5d69ad8}: <clinit>> (0x00000000e5d69ad8) thrown at [t:/workspace/open/src/hotspot/share/prims/jni.cpp, line 1364]
Event: 7.145 Thread 0x000000bd92130000 Exception <a 'java/lang/NoSuchMethodError'{0x00000000e5d6c290}: <clinit>> (0x00000000e5d6c290) thrown at [t:/workspace/open/src/hotspot/share/prims/jni.cpp, line 1364]
Event: 7.145 Thread 0x000000bd92130000 Exception <a 'java/lang/NoSuchMethodError'{0x00000000e5d6d888}: <clinit>> (0x00000000e5d6d888) thrown at [t:/workspace/open/src/hotspot/share/prims/jni.cpp, line 1364]
Event: 7.145 Thread 0x000000bd92130000 Exception <a 'java/lang/NoSuchMethodError'{0x00000000e5d6ed78}: <clinit>> (0x00000000e5d6ed78) thrown at [t:/workspace/open/src/hotspot/share/prims/jni.cpp, line 1364]
Event: 7.145 Thread 0x000000bd92130000 Exception <a 'java/lang/NoSuchMethodError'{0x00000000e5d701a0}: <clinit>> (0x00000000e5d701a0) thrown at [t:/workspace/open/src/hotspot/share/prims/jni.cpp, line 1364]
Event: 7.240 Thread 0x000000bd92130000 Implicit null exception at 0x000000bd87b59294 to 0x000000bd87b5989e
Event: 7.240 Thread 0x000000bd92130000 Implicit null exception at 0x000000bd87b57e14 to 0x000000bd87b58406

Events (10 events):
Event: 8.364 loading class org/codehaus/groovy/util/ReferenceType$SoftRef
Event: 8.364 loading class org/codehaus/groovy/util/ReferenceType$SoftRef done
Event: 8.368 Executing VM operation: RevokeBias
Event: 8.368 Executing VM operation: RevokeBias done
Event: 8.378 loading class org/codehaus/groovy/reflection/stdclasses/CachedSAMClass$1
Event: 8.378 loading class org/codehaus/groovy/reflection/stdclasses/CachedSAMClass$1 done
Event: 8.379 loading class org/codehaus/groovy/reflection/CachedClass$3$1
Event: 8.379 loading class org/codehaus/groovy/reflection/CachedClass$3$1 done
Event: 8.380 loading class org/codehaus/groovy/reflection/CachedMethod
Event: 8.380 loading class org/codehaus/groovy/reflection/CachedMethod done


Dynamic libraries:
0x00007ff67beb0000 - 0x00007ff67bef7000 	C:\Program Files\Java\jdk-11.0.1\bin\java.exe
0x00007ffb2a900000 - 0x00007ffb2aaac000 	C:\Windows\SYSTEM32\ntdll.dll
0x00007ffb2a780000 - 0x00007ffb2a8be000 	C:\Windows\system32\KERNEL32.DLL
0x00007ffb27db0000 - 0x00007ffb27ec5000 	C:\Windows\system32\KERNELBASE.dll
0x00007ffb2a560000 - 0x00007ffb2a60a000 	C:\Windows\system32\ADVAPI32.dll
0x00007ffb2a3e0000 - 0x00007ffb2a557000 	C:\Windows\system32\USER32.dll
0x00007ffb25690000 - 0x00007ffb2590b000 	C:\Windows\WinSxS\amd64_microsoft.windows.common-controls_6595b64144ccf1df_6.0.9600.17415_none_6240486fecbd8abb\COMCTL32.dll
0x00007ffb25380000 - 0x00007ffb2538a000 	C:\Windows\SYSTEM32\VERSION.dll
0x00007ffb28150000 - 0x00007ffb281fa000 	C:\Windows\system32\msvcrt.dll
0x00007ffb28200000 - 0x00007ffb28259000 	C:\Windows\SYSTEM32\sechost.dll
0x00007ffb28320000 - 0x00007ffb28461000 	C:\Windows\system32\RPCRT4.dll
0x00007ffb28470000 - 0x00007ffb285c1000 	C:\Windows\system32\GDI32.dll
0x00007ffb2a8c0000 - 0x00007ffb2a8f6000 	C:\Windows\system32\IMM32.DLL
0x00007ffb27f90000 - 0x00007ffb280e3000 	C:\Windows\system32\MSCTF.dll
0x00007ffb17bd0000 - 0x00007ffb17be6000 	C:\Program Files\Java\jdk-11.0.1\bin\vcruntime140.dll
0x00007ffb189d0000 - 0x00007ffb189d4000 	C:\Program Files\Java\jdk-11.0.1\bin\api-ms-win-crt-runtime-l1-1-0.dll
0x00007ffb18070000 - 0x00007ffb18074000 	C:\Program Files\Java\jdk-11.0.1\bin\api-ms-win-crt-string-l1-1-0.dll
0x00007ffb152f0000 - 0x00007ffb152f3000 	C:\Program Files\Java\jdk-11.0.1\bin\api-ms-win-crt-heap-l1-1-0.dll
0x00007ffb14710000 - 0x00007ffb14714000 	C:\Program Files\Java\jdk-11.0.1\bin\api-ms-win-crt-stdio-l1-1-0.dll
0x00007ffb11eb0000 - 0x00007ffb11eb4000 	C:\Program Files\Java\jdk-11.0.1\bin\api-ms-win-crt-convert-l1-1-0.dll
0x00007ffb0f700000 - 0x00007ffb0f7f6000 	C:\Program Files\Java\jdk-11.0.1\bin\ucrtbase.DLL
0x00007ffb0f650000 - 0x00007ffb0f6fa000 	C:\Program Files\Java\jdk-11.0.1\bin\msvcp140.dll
0x00007ffb100c0000 - 0x00007ffb100c3000 	C:\Program Files\Java\jdk-11.0.1\bin\api-ms-win-crt-locale-l1-1-0.dll
0x00007ffb100b0000 - 0x00007ffb100b5000 	C:\Program Files\Java\jdk-11.0.1\bin\api-ms-win-crt-math-l1-1-0.dll
0x00007ffb100a0000 - 0x00007ffb100a5000 	C:\Program Files\Java\jdk-11.0.1\bin\api-ms-win-crt-multibyte-l1-1-0.dll
0x00007ffb10090000 - 0x00007ffb10093000 	C:\Program Files\Java\jdk-11.0.1\bin\api-ms-win-crt-time-l1-1-0.dll
0x00007ffb10080000 - 0x00007ffb10083000 	C:\Program Files\Java\jdk-11.0.1\bin\api-ms-win-crt-filesystem-l1-1-0.dll
0x00007ffb10070000 - 0x00007ffb10073000 	C:\Program Files\Java\jdk-11.0.1\bin\api-ms-win-crt-environment-l1-1-0.dll
0x00007ffb10060000 - 0x00007ffb10063000 	C:\Program Files\Java\jdk-11.0.1\bin\api-ms-win-crt-utility-l1-1-0.dll
0x00007ffaff800000 - 0x00007ffb00342000 	C:\Program Files\Java\jdk-11.0.1\bin\server\jvm.dll
0x00007ffb241d0000 - 0x00007ffb241d9000 	C:\Windows\SYSTEM32\WSOCK32.dll
0x00007ffb23200000 - 0x00007ffb23222000 	C:\Windows\SYSTEM32\WINMM.dll
0x00007ffb2a690000 - 0x00007ffb2a697000 	C:\Windows\system32\PSAPI.DLL
0x00007ffb2a6c0000 - 0x00007ffb2a71a000 	C:\Windows\system32\WS2_32.dll
0x00007ffb231d0000 - 0x00007ffb231fa000 	C:\Windows\SYSTEM32\WINMMBASE.dll
0x00007ffb27f80000 - 0x00007ffb27f89000 	C:\Windows\system32\NSI.dll
0x00007ffb27f30000 - 0x00007ffb27f7f000 	C:\Windows\SYSTEM32\cfgmgr32.dll
0x00007ffb26870000 - 0x00007ffb26898000 	C:\Windows\SYSTEM32\DEVOBJ.dll
0x00007ffb10040000 - 0x00007ffb10051000 	C:\Program Files\Java\jdk-11.0.1\bin\verify.dll
0x00007ffb20a70000 - 0x00007ffb20bfa000 	C:\Windows\SYSTEM32\DBGHELP.DLL
0x00007ffb0fa50000 - 0x00007ffb0fa79000 	C:\Program Files\Java\jdk-11.0.1\bin\java.dll
0x00007ffb0f630000 - 0x00007ffb0f646000 	C:\Program Files\Java\jdk-11.0.1\bin\zip.dll
0x00007ffb0f620000 - 0x00007ffb0f62a000 	C:\Program Files\Java\jdk-11.0.1\bin\jimage.dll
0x00007ffb28690000 - 0x00007ffb29ba9000 	C:\Windows\system32\SHELL32.dll
0x00007ffb29d50000 - 0x00007ffb29f61000 	C:\Windows\SYSTEM32\combase.dll
0x00007ffb2a720000 - 0x00007ffb2a774000 	C:\Windows\system32\SHLWAPI.dll
0x00007ffb25fa0000 - 0x00007ffb26052000 	C:\Windows\SYSTEM32\SHCORE.dll
0x00007ffb27a50000 - 0x00007ffb27a65000 	C:\Windows\SYSTEM32\profapi.dll
0x00007ffb0f600000 - 0x00007ffb0f619000 	C:\Program Files\Java\jdk-11.0.1\bin\net.dll
0x00007ffb1b300000 - 0x00007ffb1b3c9000 	C:\Windows\SYSTEM32\WINHTTP.dll
0x00007ffb272c0000 - 0x00007ffb27319000 	C:\Windows\system32\mswsock.dll
0x00007ffb0f5e0000 - 0x00007ffb0f5f3000 	C:\Program Files\Java\jdk-11.0.1\bin\nio.dll
0x00007ffb236b0000 - 0x00007ffb236ce000 	C:\Users\alexey\.gradle\native\25\windows-amd64\native-platform.dll
0x00007ffb0f5d0000 - 0x00007ffb0f5d9000 	C:\Program Files\Java\jdk-11.0.1\bin\management.dll
0x00007ffb0f5c0000 - 0x00007ffb0f5cc000 	C:\Program Files\Java\jdk-11.0.1\bin\management_ext.dll
0x00007ffb27320000 - 0x00007ffb27340000 	C:\Windows\SYSTEM32\CRYPTSP.dll
0x00007ffb26f40000 - 0x00007ffb26f76000 	C:\Windows\system32\rsaenh.dll
0x00007ffb27570000 - 0x00007ffb27596000 	C:\Windows\SYSTEM32\bcrypt.dll
0x00007ffb27050000 - 0x00007ffb27071000 	C:\Windows\SYSTEM32\USERENV.dll
0x00007ffb278f0000 - 0x00007ffb27953000 	C:\Windows\system32\bcryptprimitives.dll
0x00007ffb27a40000 - 0x00007ffb27a4b000 	C:\Windows\SYSTEM32\CRYPTBASE.dll
0x00007ffb237d0000 - 0x00007ffb237fa000 	C:\Windows\SYSTEM32\IPHLPAPI.DLL
0x00007ffb235c0000 - 0x00007ffb235ca000 	C:\Windows\SYSTEM32\WINNSI.DLL
0x00007ffb224e0000 - 0x00007ffb224f6000 	C:\Windows\SYSTEM32\dhcpcsvc6.DLL
0x00007ffb225c0000 - 0x00007ffb225da000 	C:\Windows\SYSTEM32\dhcpcsvc.DLL

dbghelp: loaded successfully - version: 4.0.5 - missing functions: none
symbol engine: initialized successfully - sym options: 0x614 - pdb path: .;C:\Program Files\Java\jdk-11.0.1\bin;C:\Windows\SYSTEM32;C:\Windows\WinSxS\amd64_microsoft.windows.common-controls_6595b64144ccf1df_6.0.9600.17415_none_6240486fecbd8abb;C:\Program Files\Java\jdk-11.0.1\bin\server;C:\Users\alexey\.gradle\native\25\windows-amd64

VM Arguments:
jvm_args: --add-opens=java.base/java.util=ALL-UNNAMED --add-opens=java.base/java.lang=ALL-UNNAMED --add-opens=java.base/java.lang.invoke=ALL-UNNAMED --add-opens=java.prefs/java.util.prefs=ALL-UNNAMED -XX:MaxMetaspaceSize=256m -XX:+HeapDumpOnOutOfMemoryError -Xmx512m -Dfile.encoding=windows-1251 -Duser.country=RU -Duser.language=ru -Duser.variant 
java_command: org.gradle.launcher.daemon.bootstrap.GradleDaemon 5.1
java_class_path (initial): C:\Users\alexey\.gradle\wrapper\dists\gradle-5.1-all\agkdmobix61yocaldxqz74wpx\gradle-5.1\lib\gradle-launcher-5.1.jar
Launcher Type: SUN_STANDARD

[Global flags]
     intx CICompilerCount                          = 3                                         {product} {ergonomic}
   size_t CompressedClassSpaceSize                 = 260046848                                 {product} {ergonomic}
     uint ConcGCThreads                            = 1                                         {product} {ergonomic}
     uint G1ConcRefinementThreads                  = 4                                         {product} {ergonomic}
   size_t G1HeapRegionSize                         = 1048576                                   {product} {ergonomic}
    uintx GCDrainStackTargetSize                   = 64                                        {product} {ergonomic}
     bool HeapDumpOnOutOfMemoryError               = true                                   {manageable} {command line}
   size_t InitialHeapSize                          = 121634816                                 {product} {ergonomic}
   size_t MarkStackSize                            = 4194304                                   {product} {ergonomic}
   size_t MaxHeapSize                              = 536870912                                 {product} {command line}
   size_t MaxMetaspaceSize                         = 268435456                                 {product} {command line}
   size_t MaxNewSize                               = 321912832                                 {product} {ergonomic}
   size_t MinHeapDeltaBytes                        = 1048576                                   {product} {ergonomic}
    uintx NonNMethodCodeHeapSize                   = 5830092                                {pd product} {ergonomic}
    uintx NonProfiledCodeHeapSize                  = 122914074                              {pd product} {ergonomic}
    uintx ProfiledCodeHeapSize                     = 122914074                              {pd product} {ergonomic}
    uintx ReservedCodeCacheSize                    = 251658240                              {pd product} {ergonomic}
     bool SegmentedCodeCache                       = true                                      {product} {ergonomic}
     bool UseCompressedClassPointers               = true                                 {lp64_product} {ergonomic}
     bool UseCompressedOops                        = true                                 {lp64_product} {ergonomic}
     bool UseG1GC                                  = true                                      {product} {ergonomic}
     bool UseLargePagesIndividualAllocation        = false                                  {pd product} {ergonomic}

Logging:
Log output configuration:
 #0: stdout all=warning uptime,level,tags
 #1: stderr all=off uptime,level,tags

Environment Variables:
JAVA_HOME=C:\Program Files\Java\jdk-11.0.1
PATH=C:\Windows\system32;C:\Windows;C:\Windows\System32\Wbem;C:\Windows\System32\WindowsPowerShell\v1.0\;C:\Program Files (x86)\ATI Technologies\ATI.ACE\Core-Static;C:\Program Files\Microsoft VS Code\bin;C:\Program Files\Java\jdk-11.0.1\bin;C:\Program Files\Git\cmd;C:\Gradle\bin;C:\Program Files (x86)\Windows Kits\10\Windows Performance Toolkit\;C:\Program Files\nodejs\;C:\php7\;C:\ProgramData\ComposerSetup\bin;C:\Users\alexey\AppData\Roaming\npm;E:\Docker Toolbox;C:\Users\alexey\AppData\Roaming\Composer\vendor\bin
USERNAME=alexey
OS=Windows_NT
PROCESSOR_IDENTIFIER=AMD64 Family 21 Model 19 Stepping 1, AuthenticAMD



---------------  S Y S T E M  ---------------

OS: Windows 8.1 , 64 bit Build 9600 (6.3.9600.17415)

CPU:total 4 (initial active 4) (4 cores per cpu, 1 threads per core) family 21 model 19 stepping 1, cmov, cx8, fxsr, mmx, sse, sse2, sse3, ssse3, sse4.1, sse4.2, popcnt, avx, aes, clmul, mmxext, 3dnowpref, lzcnt, sse4a, tsc, tscinvbit, tscinv, bmi1, fma

Memory: 4k page, system-wide physical 7364M (1652M free)
TotalPageFile size 7364M (AvailPageFile size 7M)
current process WorkingSet (physical memory assigned to process): 187M, peak: 188M
current process commit charge ("private bytes"): 268M, peak: 270M

vm_info: Java HotSpot(TM) 64-Bit Server VM (11.0.1+13-LTS) for windows-amd64 JRE (11.0.1+13-LTS), built on Oct  6 2018 13:20:16 by "mach5one" with MS VC++ 15.5 (VS2017)

END.
